{"/home/travis/build/npmtest/node-npmtest-parse-react/test.js":{"path":"/home/travis/build/npmtest/node-npmtest-parse-react/test.js","s":{"1":2,"2":2,"3":2,"4":2,"5":2,"6":2,"7":2,"8":1,"9":2,"10":2,"11":1,"12":1,"13":1,"14":1,"15":2,"16":2,"17":2,"18":2,"19":1,"20":1,"21":2,"22":2,"23":2,"24":1,"25":1,"26":1,"27":1,"28":1,"29":1,"30":1,"31":1,"32":1,"33":1,"34":1,"35":1,"36":1,"37":1,"38":1,"39":2,"40":2,"41":1,"42":2,"43":2,"44":1,"45":2,"46":2,"47":1,"48":2,"49":2,"50":1,"51":1,"52":1,"53":1,"54":1},"b":{"1":[2,1,1,1],"2":[1,1,1,1],"3":[1,1],"4":[1,1],"5":[1,1],"6":[1,1],"7":[1,1],"8":[1,1],"9":[1,1],"10":[1,1,1],"11":[1,1],"12":[1,1],"13":[1,1],"14":[1,1],"15":[1,1],"16":[1,1],"17":[1,1]},"f":{"1":2,"2":2,"3":2,"4":2,"5":2,"6":1,"7":1,"8":1,"9":2,"10":2,"11":2,"12":2,"13":1},"fnMap":{"1":{"name":"(anonymous_1)","line":12,"loc":{"start":{"line":12,"column":1},"end":{"line":12,"column":13}}},"2":{"name":"(anonymous_2)","line":19,"loc":{"start":{"line":19,"column":5},"end":{"line":19,"column":17}}},"3":{"name":"(anonymous_3)","line":23,"loc":{"start":{"line":23,"column":24},"end":{"line":23,"column":36}}},"4":{"name":"(anonymous_4)","line":61,"loc":{"start":{"line":61,"column":5},"end":{"line":61,"column":17}}},"5":{"name":"(anonymous_5)","line":82,"loc":{"start":{"line":82,"column":5},"end":{"line":82,"column":17}}},"6":{"name":"(anonymous_6)","line":91,"loc":{"start":{"line":91,"column":77},"end":{"line":94,"column":10}}},"7":{"name":"(anonymous_7)","line":112,"loc":{"start":{"line":112,"column":83},"end":{"line":115,"column":10}},"skip":true},"8":{"name":"(anonymous_8)","line":123,"loc":{"start":{"line":123,"column":77},"end":{"line":126,"column":10}},"skip":true},"9":{"name":"(anonymous_9)","line":139,"loc":{"start":{"line":139,"column":12},"end":{"line":139,"column":40}},"skip":true},"10":{"name":"(anonymous_10)","line":147,"loc":{"start":{"line":147,"column":77},"end":{"line":150,"column":10}},"skip":true},"11":{"name":"(anonymous_11)","line":158,"loc":{"start":{"line":158,"column":83},"end":{"line":161,"column":10}},"skip":true},"12":{"name":"(anonymous_12)","line":169,"loc":{"start":{"line":169,"column":79},"end":{"line":172,"column":10}},"skip":true},"13":{"name":"(anonymous_13)","line":180,"loc":{"start":{"line":180,"column":75},"end":{"line":183,"column":10}},"skip":true}},"statementMap":{"1":{"start":{"line":12,"column":0},"end":{"line":195,"column":5}},"2":{"start":{"line":14,"column":4},"end":{"line":14,"column":14}},"3":{"start":{"line":19,"column":4},"end":{"line":56,"column":9}},"4":{"start":{"line":21,"column":8},"end":{"line":21,"column":19}},"5":{"start":{"line":23,"column":8},"end":{"line":35,"column":13}},"6":{"start":{"line":24,"column":12},"end":{"line":34,"column":13}},"7":{"start":{"line":25,"column":16},"end":{"line":28,"column":30}},"8":{"start":{"line":30,"column":16},"end":{"line":33,"column":27}},"9":{"start":{"line":37,"column":8},"end":{"line":39,"column":21}},"10":{"start":{"line":40,"column":8},"end":{"line":53,"column":9}},"11":{"start":{"line":43,"column":12},"end":{"line":46,"column":14}},"12":{"start":{"line":47,"column":12},"end":{"line":47,"column":18}},"13":{"start":{"line":50,"column":12},"end":{"line":51,"column":46}},"14":{"start":{"line":52,"column":12},"end":{"line":52,"column":18}},"15":{"start":{"line":55,"column":8},"end":{"line":55,"column":35}},"16":{"start":{"line":61,"column":4},"end":{"line":63,"column":9}},"17":{"start":{"line":62,"column":8},"end":{"line":62,"column":15}},"18":{"start":{"line":64,"column":4},"end":{"line":77,"column":5}},"19":{"start":{"line":70,"column":8},"end":{"line":70,"column":14}},"20":{"start":{"line":76,"column":8},"end":{"line":76,"column":14}},"21":{"start":{"line":82,"column":4},"end":{"line":84,"column":9}},"22":{"start":{"line":83,"column":8},"end":{"line":83,"column":15}},"23":{"start":{"line":85,"column":4},"end":{"line":194,"column":5}},"24":{"start":{"line":91,"column":8},"end":{"line":99,"column":10}},"25":{"start":{"line":98,"column":12},"end":{"line":98,"column":35}},"26":{"start":{"line":102,"column":8},"end":{"line":104,"column":63}},"27":{"start":{"line":105,"column":8},"end":{"line":105,"column":14}},"28":{"start":{"line":112,"column":8},"end":{"line":121,"column":10},"skip":true},"29":{"start":{"line":119,"column":12},"end":{"line":119,"column":55},"skip":true},"30":{"start":{"line":120,"column":12},"end":{"line":120,"column":48},"skip":true},"31":{"start":{"line":123,"column":8},"end":{"line":136,"column":10},"skip":true},"32":{"start":{"line":130,"column":12},"end":{"line":130,"column":76},"skip":true},"33":{"start":{"line":131,"column":12},"end":{"line":131,"column":73},"skip":true},"34":{"start":{"line":132,"column":12},"end":{"line":132,"column":74},"skip":true},"35":{"start":{"line":133,"column":12},"end":{"line":133,"column":79},"skip":true},"36":{"start":{"line":134,"column":12},"end":{"line":134,"column":25},"skip":true},"37":{"start":{"line":135,"column":12},"end":{"line":135,"column":45},"skip":true},"38":{"start":{"line":138,"column":8},"end":{"line":145,"column":14},"skip":true},"39":{"start":{"line":143,"column":16},"end":{"line":143,"column":29},"skip":true},"40":{"start":{"line":144,"column":16},"end":{"line":144,"column":55},"skip":true},"41":{"start":{"line":147,"column":8},"end":{"line":156,"column":10},"skip":true},"42":{"start":{"line":154,"column":12},"end":{"line":154,"column":25},"skip":true},"43":{"start":{"line":155,"column":12},"end":{"line":155,"column":45},"skip":true},"44":{"start":{"line":158,"column":8},"end":{"line":167,"column":10},"skip":true},"45":{"start":{"line":165,"column":12},"end":{"line":165,"column":25},"skip":true},"46":{"start":{"line":166,"column":12},"end":{"line":166,"column":48},"skip":true},"47":{"start":{"line":169,"column":8},"end":{"line":178,"column":10},"skip":true},"48":{"start":{"line":176,"column":12},"end":{"line":176,"column":25},"skip":true},"49":{"start":{"line":177,"column":12},"end":{"line":177,"column":46},"skip":true},"50":{"start":{"line":180,"column":8},"end":{"line":189,"column":10},"skip":true},"51":{"start":{"line":187,"column":12},"end":{"line":187,"column":94},"skip":true},"52":{"start":{"line":188,"column":12},"end":{"line":188,"column":48},"skip":true},"53":{"start":{"line":192,"column":8},"end":{"line":192,"column":35},"skip":true},"54":{"start":{"line":193,"column":8},"end":{"line":193,"column":14},"skip":true}},"branchMap":{"1":{"line":25,"type":"binary-expr","locations":[{"start":{"line":25,"column":23},"end":{"line":25,"column":62}},{"start":{"line":26,"column":20},"end":{"line":26,"column":70}},{"start":{"line":27,"column":20},"end":{"line":27,"column":71}},{"start":{"line":28,"column":20},"end":{"line":28,"column":29}}]},"2":{"line":30,"type":"binary-expr","locations":[{"start":{"line":30,"column":23},"end":{"line":30,"column":37}},{"start":{"line":31,"column":20},"end":{"line":31,"column":61}},{"start":{"line":32,"column":20},"end":{"line":32,"column":70}},{"start":{"line":33,"column":20},"end":{"line":33,"column":26}}]},"3":{"line":37,"type":"cond-expr","locations":[{"start":{"line":38,"column":14},"end":{"line":38,"column":20}},{"start":{"line":39,"column":14},"end":{"line":39,"column":20}}]},"4":{"line":40,"type":"switch","locations":[{"start":{"line":42,"column":8},"end":{"line":47,"column":18}},{"start":{"line":49,"column":8},"end":{"line":52,"column":18}}]},"5":{"line":44,"type":"binary-expr","locations":[{"start":{"line":44,"column":16},"end":{"line":44,"column":44}},{"start":{"line":44,"column":48},"end":{"line":44,"column":66}}]},"6":{"line":50,"type":"binary-expr","locations":[{"start":{"line":50,"column":21},"end":{"line":50,"column":49}},{"start":{"line":50,"column":53},"end":{"line":50,"column":72}}]},"7":{"line":64,"type":"switch","locations":[{"start":{"line":69,"column":4},"end":{"line":70,"column":14}},{"start":{"line":75,"column":4},"end":{"line":76,"column":14}}]},"8":{"line":85,"type":"switch","locations":[{"start":{"line":90,"column":4},"end":{"line":105,"column":14}},{"start":{"line":111,"column":4},"end":{"line":193,"column":14},"skip":true}]},"9":{"line":91,"type":"binary-expr","locations":[{"start":{"line":91,"column":42},"end":{"line":91,"column":73}},{"start":{"line":91,"column":77},"end":{"line":99,"column":9}}]},"10":{"line":102,"type":"binary-expr","locations":[{"start":{"line":102,"column":18},"end":{"line":102,"column":32}},{"start":{"line":103,"column":12},"end":{"line":103,"column":53}},{"start":{"line":104,"column":12},"end":{"line":104,"column":61}}]},"11":{"line":112,"type":"binary-expr","locations":[{"start":{"line":112,"column":45},"end":{"line":112,"column":79},"skip":true},{"start":{"line":112,"column":83},"end":{"line":121,"column":9},"skip":true}]},"12":{"line":123,"type":"binary-expr","locations":[{"start":{"line":123,"column":42},"end":{"line":123,"column":73},"skip":true},{"start":{"line":123,"column":77},"end":{"line":136,"column":9},"skip":true}]},"13":{"line":138,"type":"binary-expr","locations":[{"start":{"line":138,"column":48},"end":{"line":138,"column":85},"skip":true},{"start":{"line":139,"column":12},"end":{"line":145,"column":13},"skip":true}]},"14":{"line":147,"type":"binary-expr","locations":[{"start":{"line":147,"column":42},"end":{"line":147,"column":73},"skip":true},{"start":{"line":147,"column":77},"end":{"line":156,"column":9},"skip":true}]},"15":{"line":158,"type":"binary-expr","locations":[{"start":{"line":158,"column":45},"end":{"line":158,"column":79},"skip":true},{"start":{"line":158,"column":83},"end":{"line":167,"column":9},"skip":true}]},"16":{"line":169,"type":"binary-expr","locations":[{"start":{"line":169,"column":43},"end":{"line":169,"column":75},"skip":true},{"start":{"line":169,"column":79},"end":{"line":178,"column":9},"skip":true}]},"17":{"line":180,"type":"binary-expr","locations":[{"start":{"line":180,"column":41},"end":{"line":180,"column":71},"skip":true},{"start":{"line":180,"column":75},"end":{"line":189,"column":9},"skip":true}]}},"code":["/* istanbul instrument in package npmtest_parse_react */","/*jslint","    bitwise: true,","    browser: true,","    maxerr: 8,","    maxlen: 96,","    node: true,","    nomen: true,","    regexp: true,","    stupid: true","*/","(function () {","    'use strict';","    var local;","","","","    // run shared js-env code - pre-init","    (function () {","        // init local","        local = {};","        // init modeJs","        local.modeJs = (function () {","            try {","                return typeof navigator.userAgent === 'string' &&","                    typeof document.querySelector('body') === 'object' &&","                    typeof XMLHttpRequest.prototype.open === 'function' &&","                    'browser';","            } catch (errorCaughtBrowser) {","                return module.exports &&","                    typeof process.versions.node === 'string' &&","                    typeof require('http').createServer === 'function' &&","                    'node';","            }","        }());","        // init global","        local.global = local.modeJs === 'browser'","            ? window","            : global;","        switch (local.modeJs) {","        // re-init local from window.local","        case 'browser':","            local = local.global.utility2.objectSetDefault(","                local.global.utility2_rollup || local.global.local,","                local.global.utility2","            );","            break;","        // re-init local from example.js","        case 'node':","            local = (local.global.utility2_rollup || require('utility2'))","                .requireExampleJsFromReadme();","            break;","        }","        // export local","        local.global.local = local;","    }());","","","","    // run shared js-env code - function","    (function () {","        return;","    }());","    switch (local.modeJs) {","","","","    // run browser js-env code - function","    case 'browser':","        break;","","","","    // run node js-env code - function","    case 'node':","        break;","    }","","","","    // run shared js-env code - post-init","    (function () {","        return;","    }());","    switch (local.modeJs) {","","","","    // run browser js-env code - post-init","    case 'browser':","        local.testCase_browser_nullCase = local.testCase_browser_nullCase || function (","            options,","            onError","        ) {","        /*","         * this function will test browsers's null-case handling-behavior-behavior","         */","            onError(null, options);","        };","","        // run tests","        local.nop(local.modeTest &&","            document.querySelector('#testRunButton1') &&","            document.querySelector('#testRunButton1').click());","        break;","","","","    // run node js-env code - post-init","    /* istanbul ignore next */","    case 'node':","        local.testCase_buildApidoc_default = local.testCase_buildApidoc_default || function (","            options,","            onError","        ) {","        /*","         * this function will test buildApidoc's default handling-behavior-behavior","         */","            options = { modulePathList: module.paths };","            local.buildApidoc(options, onError);","        };","","        local.testCase_buildApp_default = local.testCase_buildApp_default || function (","            options,","            onError","        ) {","        /*","         * this function will test buildApp's default handling-behavior-behavior","         */","            local.testCase_buildReadme_default(options, local.onErrorThrow);","            local.testCase_buildLib_default(options, local.onErrorThrow);","            local.testCase_buildTest_default(options, local.onErrorThrow);","            local.testCase_buildCustomOrg_default(options, local.onErrorThrow);","            options = [];","            local.buildApp(options, onError);","        };","","        local.testCase_buildCustomOrg_default = local.testCase_buildCustomOrg_default ||","            function (options, onError) {","            /*","             * this function will test buildCustomOrg's default handling-behavior","             */","                options = {};","                local.buildCustomOrg(options, onError);","            };","","        local.testCase_buildLib_default = local.testCase_buildLib_default || function (","            options,","            onError","        ) {","        /*","         * this function will test buildLib's default handling-behavior","         */","            options = {};","            local.buildLib(options, onError);","        };","","        local.testCase_buildReadme_default = local.testCase_buildReadme_default || function (","            options,","            onError","        ) {","        /*","         * this function will test buildReadme's default handling-behavior-behavior","         */","            options = {};","            local.buildReadme(options, onError);","        };","","        local.testCase_buildTest_default = local.testCase_buildTest_default || function (","            options,","            onError","        ) {","        /*","         * this function will test buildTest's default handling-behavior","         */","            options = {};","            local.buildTest(options, onError);","        };","","        local.testCase_webpage_default = local.testCase_webpage_default || function (","            options,","            onError","        ) {","        /*","         * this function will test webpage's default handling-behavior","         */","            options = { modeCoverageMerge: true, url: local.serverLocalHost + '?modeTest=1' };","            local.browserTest(options, onError);","        };","","        // run test-server","        local.testRunServer(local);","        break;","    }","}());",""],"l":{"12":2,"14":2,"19":2,"21":2,"23":2,"24":2,"25":2,"30":1,"37":2,"40":2,"43":1,"47":1,"50":1,"52":1,"55":2,"61":2,"62":2,"64":2,"70":1,"76":1,"82":2,"83":2,"85":2,"91":1,"98":1,"102":1,"105":1,"112":1,"119":1,"120":1,"123":1,"130":1,"131":1,"132":1,"133":1,"134":1,"135":1,"138":1,"143":2,"144":2,"147":1,"154":2,"155":2,"158":1,"165":2,"166":2,"169":1,"176":2,"177":2,"180":1,"187":1,"188":1,"192":1,"193":1}},"/home/travis/build/npmtest/node-npmtest-parse-react/lib.npmtest_parse_react.js":{"path":"/home/travis/build/npmtest/node-npmtest-parse-react/lib.npmtest_parse_react.js","s":{"1":2,"2":2,"3":2,"4":2,"5":2,"6":2,"7":2,"8":1,"9":2,"10":2,"11":2,"12":2,"13":1,"14":1,"15":1,"16":1},"b":{"1":[2,1,1,1],"2":[1,1,1,1],"3":[1,1],"4":[2,2],"5":[1,1]},"f":{"1":2,"2":2,"3":2},"fnMap":{"1":{"name":"(anonymous_1)","line":12,"loc":{"start":{"line":12,"column":1},"end":{"line":12,"column":13}}},"2":{"name":"(anonymous_2)","line":19,"loc":{"start":{"line":19,"column":5},"end":{"line":19,"column":17}}},"3":{"name":"(anonymous_3)","line":23,"loc":{"start":{"line":23,"column":24},"end":{"line":23,"column":36}}}},"statementMap":{"1":{"start":{"line":12,"column":0},"end":{"line":53,"column":5}},"2":{"start":{"line":14,"column":4},"end":{"line":14,"column":14}},"3":{"start":{"line":19,"column":4},"end":{"line":52,"column":9}},"4":{"start":{"line":21,"column":8},"end":{"line":21,"column":19}},"5":{"start":{"line":23,"column":8},"end":{"line":35,"column":13}},"6":{"start":{"line":24,"column":12},"end":{"line":34,"column":13}},"7":{"start":{"line":25,"column":16},"end":{"line":28,"column":30}},"8":{"start":{"line":30,"column":16},"end":{"line":33,"column":27}},"9":{"start":{"line":37,"column":8},"end":{"line":39,"column":21}},"10":{"start":{"line":41,"column":8},"end":{"line":41,"column":54}},"11":{"start":{"line":43,"column":8},"end":{"line":43,"column":56}},"12":{"start":{"line":45,"column":8},"end":{"line":51,"column":9}},"13":{"start":{"line":46,"column":12},"end":{"line":46,"column":62}},"14":{"start":{"line":48,"column":12},"end":{"line":48,"column":35}},"15":{"start":{"line":49,"column":12},"end":{"line":49,"column":49}},"16":{"start":{"line":50,"column":12},"end":{"line":50,"column":43}}},"branchMap":{"1":{"line":25,"type":"binary-expr","locations":[{"start":{"line":25,"column":23},"end":{"line":25,"column":62}},{"start":{"line":26,"column":20},"end":{"line":26,"column":70}},{"start":{"line":27,"column":20},"end":{"line":27,"column":71}},{"start":{"line":28,"column":20},"end":{"line":28,"column":29}}]},"2":{"line":30,"type":"binary-expr","locations":[{"start":{"line":30,"column":23},"end":{"line":30,"column":37}},{"start":{"line":31,"column":20},"end":{"line":31,"column":61}},{"start":{"line":32,"column":20},"end":{"line":32,"column":70}},{"start":{"line":33,"column":20},"end":{"line":33,"column":26}}]},"3":{"line":37,"type":"cond-expr","locations":[{"start":{"line":38,"column":14},"end":{"line":38,"column":20}},{"start":{"line":39,"column":14},"end":{"line":39,"column":20}}]},"4":{"line":41,"type":"binary-expr","locations":[{"start":{"line":41,"column":16},"end":{"line":41,"column":44}},{"start":{"line":41,"column":48},"end":{"line":41,"column":53}}]},"5":{"line":45,"type":"if","locations":[{"start":{"line":45,"column":8},"end":{"line":45,"column":8}},{"start":{"line":45,"column":8},"end":{"line":45,"column":8}}]}},"code":["/* istanbul instrument in package npmtest_parse_react */","/*jslint","    bitwise: true,","    browser: true,","    maxerr: 8,","    maxlen: 96,","    node: true,","    nomen: true,","    regexp: true,","    stupid: true","*/","(function () {","    'use strict';","    var local;","","","","    // run shared js-env code - pre-init","    (function () {","        // init local","        local = {};","        // init modeJs","        local.modeJs = (function () {","            try {","                return typeof navigator.userAgent === 'string' &&","                    typeof document.querySelector('body') === 'object' &&","                    typeof XMLHttpRequest.prototype.open === 'function' &&","                    'browser';","            } catch (errorCaughtBrowser) {","                return module.exports &&","                    typeof process.versions.node === 'string' &&","                    typeof require('http').createServer === 'function' &&","                    'node';","            }","        }());","        // init global","        local.global = local.modeJs === 'browser'","            ? window","            : global;","        // init utility2_rollup","        local = local.global.utility2_rollup || local;","        // init lib","        local.local = local.npmtest_parse_react = local;","        // init exports","        if (local.modeJs === 'browser') {","            local.global.utility2_npmtest_parse_react = local;","        } else {","            module.exports = local;","            module.exports.__dirname = __dirname;","            module.exports.module = module;","        }","    }());","}());",""],"l":{"12":2,"14":2,"19":2,"21":2,"23":2,"24":2,"25":2,"30":1,"37":2,"41":2,"43":2,"45":2,"46":1,"48":1,"49":1,"50":1}},"/home/travis/build/npmtest/node-npmtest-parse-react/example.js":{"path":"/home/travis/build/npmtest/node-npmtest-parse-react/example.js","s":{"1":2,"2":2,"3":2,"4":2,"5":2,"6":2,"7":2,"8":1,"9":2,"10":2,"11":2,"12":2,"13":1,"14":2,"15":2,"16":2,"17":2,"18":2,"19":0,"20":2,"21":1,"22":1,"23":1,"24":1,"25":1,"26":0,"27":0,"28":1,"29":1,"30":2,"31":0,"32":0,"33":0,"34":1,"35":2,"36":2,"37":3,"38":3,"39":3,"40":3,"41":0,"42":3,"43":3,"44":3,"45":1,"46":3,"47":1,"48":1,"49":1,"50":1,"51":1,"52":1,"53":1,"54":1,"55":1,"56":1,"57":0,"58":1,"59":6,"60":6,"61":1,"62":2,"63":0,"64":2,"65":1,"66":1,"67":0,"68":0,"69":0,"70":0,"71":0,"72":0,"73":0,"74":0,"75":0,"76":0,"77":0,"78":0,"79":0,"80":0,"81":0,"82":0,"83":0},"b":{"1":[2,1,1,1],"2":[1,1,1,1],"3":[1,1],"4":[2,2],"5":[1,1],"6":[1,1],"7":[2,0],"8":[2,1,1,1,1,1],"9":[0,2,0],"10":[1,1],"11":[2,1,1],"12":[1,0],"13":[0,2],"14":[2,0,0,0,0,0,0],"15":[0,3],"16":[3,0],"17":[1,1],"18":[0,1],"19":[1,2,0,2],"20":[1,0],"21":[1,1],"22":[0,0],"23":[0,0],"24":[0,0],"25":[0,0],"26":[0,0],"27":[0,0],"28":[0,0]},"f":{"1":2,"2":2,"3":2,"4":2,"5":2,"6":2,"7":3,"8":3,"9":3,"10":1,"11":6,"12":0},"fnMap":{"1":{"name":"(anonymous_1)","line":26,"loc":{"start":{"line":26,"column":1},"end":{"line":26,"column":13}}},"2":{"name":"(anonymous_2)","line":33,"loc":{"start":{"line":33,"column":5},"end":{"line":33,"column":17}}},"3":{"name":"(anonymous_3)","line":37,"loc":{"start":{"line":37,"column":24},"end":{"line":37,"column":36}}},"4":{"name":"(anonymous_4)","line":69,"loc":{"start":{"line":69,"column":31},"end":{"line":69,"column":48}},"skip":true},"5":{"name":"(anonymous_5)","line":78,"loc":{"start":{"line":78,"column":26},"end":{"line":78,"column":45}},"skip":true},"6":{"name":"(anonymous_6)","line":123,"loc":{"start":{"line":123,"column":33},"end":{"line":123,"column":48}},"skip":true},"7":{"name":"(anonymous_7)","line":125,"loc":{"start":{"line":125,"column":27},"end":{"line":125,"column":39}},"skip":true},"8":{"name":"(anonymous_8)","line":133,"loc":{"start":{"line":133,"column":59},"end":{"line":133,"column":74}},"skip":true},"9":{"name":"(anonymous_9)","line":143,"loc":{"start":{"line":143,"column":45},"end":{"line":143,"column":62}},"skip":true},"10":{"name":"(anonymous_10)","line":144,"loc":{"start":{"line":144,"column":73},"end":{"line":144,"column":92}},"skip":true},"11":{"name":"(anonymous_11)","line":272,"loc":{"start":{"line":272,"column":51},"end":{"line":272,"column":77}},"skip":true},"12":{"name":"(anonymous_12)","line":315,"loc":{"start":{"line":315,"column":32},"end":{"line":315,"column":61}},"skip":true}},"statementMap":{"1":{"start":{"line":26,"column":0},"end":{"line":326,"column":5}},"2":{"start":{"line":28,"column":4},"end":{"line":28,"column":14}},"3":{"start":{"line":33,"column":4},"end":{"line":60,"column":9}},"4":{"start":{"line":35,"column":8},"end":{"line":35,"column":19}},"5":{"start":{"line":37,"column":8},"end":{"line":49,"column":13}},"6":{"start":{"line":38,"column":12},"end":{"line":48,"column":13}},"7":{"start":{"line":39,"column":16},"end":{"line":42,"column":30}},"8":{"start":{"line":44,"column":16},"end":{"line":47,"column":27}},"9":{"start":{"line":51,"column":8},"end":{"line":53,"column":21}},"10":{"start":{"line":55,"column":8},"end":{"line":57,"column":45}},"11":{"start":{"line":59,"column":8},"end":{"line":59,"column":35}},"12":{"start":{"line":61,"column":4},"end":{"line":325,"column":5}},"13":{"start":{"line":69,"column":8},"end":{"line":121,"column":10},"skip":true},"14":{"start":{"line":70,"column":12},"end":{"line":88,"column":13},"skip":true},"15":{"start":{"line":76,"column":16},"end":{"line":87,"column":19},"skip":true},"16":{"start":{"line":79,"column":20},"end":{"line":86,"column":21},"skip":true},"17":{"start":{"line":82,"column":24},"end":{"line":82,"column":43},"skip":true},"18":{"start":{"line":83,"column":24},"end":{"line":83,"column":30},"skip":true},"19":{"start":{"line":85,"column":24},"end":{"line":85,"column":49},"skip":true},"20":{"start":{"line":89,"column":12},"end":{"line":107,"column":13},"skip":true},"21":{"start":{"line":92,"column":16},"end":{"line":102,"column":17},"skip":true},"22":{"start":{"line":93,"column":20},"end":{"line":93,"column":86},"skip":true},"23":{"start":{"line":94,"column":20},"end":{"line":95,"column":45},"skip":true},"24":{"start":{"line":96,"column":20},"end":{"line":96,"column":42},"skip":true},"25":{"start":{"line":97,"column":20},"end":{"line":97,"column":48},"skip":true},"26":{"start":{"line":100,"column":20},"end":{"line":100,"column":85},"skip":true},"27":{"start":{"line":101,"column":20},"end":{"line":101,"column":96},"skip":true},"28":{"start":{"line":103,"column":16},"end":{"line":103,"column":22},"skip":true},"29":{"start":{"line":106,"column":16},"end":{"line":106,"column":22},"skip":true},"30":{"start":{"line":108,"column":12},"end":{"line":120,"column":13},"skip":true},"31":{"start":{"line":114,"column":16},"end":{"line":119,"column":17},"skip":true},"32":{"start":{"line":116,"column":20},"end":{"line":116,"column":78},"skip":true},"33":{"start":{"line":118,"column":20},"end":{"line":118,"column":47},"skip":true},"34":{"start":{"line":123,"column":8},"end":{"line":141,"column":11},"skip":true},"35":{"start":{"line":124,"column":12},"end":{"line":124,"column":54},"skip":true},"36":{"start":{"line":125,"column":12},"end":{"line":140,"column":14},"skip":true},"37":{"start":{"line":126,"column":16},"end":{"line":126,"column":28},"skip":true},"38":{"start":{"line":127,"column":16},"end":{"line":127,"column":69},"skip":true},"39":{"start":{"line":128,"column":16},"end":{"line":128,"column":75},"skip":true},"40":{"start":{"line":129,"column":16},"end":{"line":131,"column":17},"skip":true},"41":{"start":{"line":130,"column":20},"end":{"line":130,"column":27},"skip":true},"42":{"start":{"line":133,"column":16},"end":{"line":137,"column":36},"skip":true},"43":{"start":{"line":134,"column":20},"end":{"line":136,"column":55},"skip":true},"44":{"start":{"line":139,"column":16},"end":{"line":139,"column":57},"skip":true},"45":{"start":{"line":143,"column":8},"end":{"line":147,"column":11},"skip":true},"46":{"start":{"line":144,"column":12},"end":{"line":146,"column":15},"skip":true},"47":{"start":{"line":145,"column":16},"end":{"line":145,"column":70},"skip":true},"48":{"start":{"line":149,"column":8},"end":{"line":149,"column":31},"skip":true},"49":{"start":{"line":150,"column":8},"end":{"line":150,"column":14},"skip":true},"50":{"start":{"line":158,"column":8},"end":{"line":158,"column":31},"skip":true},"51":{"start":{"line":160,"column":8},"end":{"line":160,"column":33},"skip":true},"52":{"start":{"line":161,"column":8},"end":{"line":161,"column":37},"skip":true},"53":{"start":{"line":162,"column":8},"end":{"line":162,"column":35},"skip":true},"54":{"start":{"line":164,"column":8},"end":{"line":164,"column":50},"skip":true},"55":{"start":{"line":166,"column":8},"end":{"line":256,"column":2},"skip":true},"56":{"start":{"line":258,"column":8},"end":{"line":286,"column":9},"skip":true},"57":{"start":{"line":259,"column":12},"end":{"line":269,"column":14},"skip":true},"58":{"start":{"line":271,"column":12},"end":{"line":285,"column":19},"skip":true},"59":{"start":{"line":274,"column":20},"end":{"line":274,"column":35},"skip":true},"60":{"start":{"line":275,"column":20},"end":{"line":284,"column":21},"skip":true},"61":{"start":{"line":277,"column":24},"end":{"line":277,"column":64},"skip":true},"62":{"start":{"line":279,"column":24},"end":{"line":279,"column":40},"skip":true},"63":{"start":{"line":281,"column":24},"end":{"line":281,"column":40},"skip":true},"64":{"start":{"line":283,"column":24},"end":{"line":283,"column":39},"skip":true},"65":{"start":{"line":288,"column":8},"end":{"line":290,"column":9},"skip":true},"66":{"start":{"line":289,"column":12},"end":{"line":289,"column":18},"skip":true},"67":{"start":{"line":291,"column":8},"end":{"line":293,"column":54},"skip":true},"68":{"start":{"line":296,"column":8},"end":{"line":301,"column":37},"skip":true},"69":{"start":{"line":303,"column":8},"end":{"line":303,"column":82},"skip":true},"70":{"start":{"line":306,"column":8},"end":{"line":308,"column":9},"skip":true},"71":{"start":{"line":307,"column":12},"end":{"line":307,"column":82},"skip":true},"72":{"start":{"line":310,"column":8},"end":{"line":312,"column":9},"skip":true},"73":{"start":{"line":311,"column":12},"end":{"line":311,"column":18},"skip":true},"74":{"start":{"line":313,"column":8},"end":{"line":313,"column":54},"skip":true},"75":{"start":{"line":314,"column":8},"end":{"line":314,"column":69},"skip":true},"76":{"start":{"line":315,"column":8},"end":{"line":323,"column":36},"skip":true},"77":{"start":{"line":316,"column":12},"end":{"line":316,"column":61},"skip":true},"78":{"start":{"line":317,"column":12},"end":{"line":320,"column":13},"skip":true},"79":{"start":{"line":318,"column":16},"end":{"line":318,"column":75},"skip":true},"80":{"start":{"line":319,"column":16},"end":{"line":319,"column":23},"skip":true},"81":{"start":{"line":321,"column":12},"end":{"line":321,"column":38},"skip":true},"82":{"start":{"line":322,"column":12},"end":{"line":322,"column":27},"skip":true},"83":{"start":{"line":324,"column":8},"end":{"line":324,"column":14},"skip":true}},"branchMap":{"1":{"line":39,"type":"binary-expr","locations":[{"start":{"line":39,"column":23},"end":{"line":39,"column":62}},{"start":{"line":40,"column":20},"end":{"line":40,"column":70}},{"start":{"line":41,"column":20},"end":{"line":41,"column":71}},{"start":{"line":42,"column":20},"end":{"line":42,"column":29}}]},"2":{"line":44,"type":"binary-expr","locations":[{"start":{"line":44,"column":23},"end":{"line":44,"column":37}},{"start":{"line":45,"column":20},"end":{"line":45,"column":61}},{"start":{"line":46,"column":20},"end":{"line":46,"column":70}},{"start":{"line":47,"column":20},"end":{"line":47,"column":26}}]},"3":{"line":51,"type":"cond-expr","locations":[{"start":{"line":52,"column":14},"end":{"line":52,"column":20}},{"start":{"line":53,"column":14},"end":{"line":53,"column":20}}]},"4":{"line":55,"type":"binary-expr","locations":[{"start":{"line":55,"column":16},"end":{"line":55,"column":44}},{"start":{"line":55,"column":49},"end":{"line":57,"column":43}}]},"5":{"line":55,"type":"cond-expr","locations":[{"start":{"line":56,"column":14},"end":{"line":56,"column":55}},{"start":{"line":57,"column":14},"end":{"line":57,"column":43}}]},"6":{"line":61,"type":"switch","locations":[{"start":{"line":68,"column":4},"end":{"line":150,"column":14},"skip":true},{"start":{"line":156,"column":4},"end":{"line":324,"column":14},"skip":true}]},"7":{"line":70,"type":"if","locations":[{"start":{"line":70,"column":12},"end":{"line":70,"column":12},"skip":true},{"start":{"line":70,"column":12},"end":{"line":70,"column":12},"skip":true}]},"8":{"line":70,"type":"binary-expr","locations":[{"start":{"line":70,"column":16},"end":{"line":70,"column":22},"skip":true},{"start":{"line":70,"column":27},"end":{"line":70,"column":32},"skip":true},{"start":{"line":71,"column":20},"end":{"line":71,"column":39},"skip":true},{"start":{"line":72,"column":20},"end":{"line":72,"column":49},"skip":true},{"start":{"line":73,"column":20},"end":{"line":73,"column":58},"skip":true},{"start":{"line":74,"column":20},"end":{"line":74,"column":69},"skip":true}]},"9":{"line":79,"type":"switch","locations":[{"start":{"line":80,"column":20},"end":{"line":80,"column":33},"skip":true},{"start":{"line":81,"column":20},"end":{"line":83,"column":30},"skip":true},{"start":{"line":84,"column":20},"end":{"line":85,"column":49},"skip":true}]},"10":{"line":89,"type":"switch","locations":[{"start":{"line":90,"column":12},"end":{"line":103,"column":22},"skip":true},{"start":{"line":105,"column":12},"end":{"line":106,"column":22},"skip":true}]},"11":{"line":89,"type":"binary-expr","locations":[{"start":{"line":89,"column":20},"end":{"line":89,"column":25},"skip":true},{"start":{"line":89,"column":29},"end":{"line":89,"column":48},"skip":true},{"start":{"line":89,"column":52},"end":{"line":89,"column":74},"skip":true}]},"12":{"line":92,"type":"if","locations":[{"start":{"line":92,"column":16},"end":{"line":92,"column":16},"skip":true},{"start":{"line":92,"column":16},"end":{"line":92,"column":16},"skip":true}]},"13":{"line":108,"type":"if","locations":[{"start":{"line":108,"column":12},"end":{"line":108,"column":12},"skip":true},{"start":{"line":108,"column":12},"end":{"line":108,"column":12},"skip":true}]},"14":{"line":108,"type":"binary-expr","locations":[{"start":{"line":108,"column":16},"end":{"line":108,"column":61},"skip":true},{"start":{"line":108,"column":66},"end":{"line":108,"column":72},"skip":true},{"start":{"line":108,"column":77},"end":{"line":108,"column":82},"skip":true},{"start":{"line":109,"column":20},"end":{"line":109,"column":39},"skip":true},{"start":{"line":110,"column":20},"end":{"line":110,"column":49},"skip":true},{"start":{"line":111,"column":20},"end":{"line":111,"column":58},"skip":true},{"start":{"line":112,"column":20},"end":{"line":112,"column":68},"skip":true}]},"15":{"line":129,"type":"if","locations":[{"start":{"line":129,"column":16},"end":{"line":129,"column":16},"skip":true},{"start":{"line":129,"column":16},"end":{"line":129,"column":16},"skip":true}]},"16":{"line":134,"type":"cond-expr","locations":[{"start":{"line":135,"column":26},"end":{"line":135,"column":29},"skip":true},{"start":{"line":136,"column":26},"end":{"line":136,"column":54},"skip":true}]},"17":{"line":164,"type":"binary-expr","locations":[{"start":{"line":164,"column":27},"end":{"line":164,"column":43},"skip":true},{"start":{"line":164,"column":47},"end":{"line":164,"column":49},"skip":true}]},"18":{"line":258,"type":"if","locations":[{"start":{"line":258,"column":8},"end":{"line":258,"column":8},"skip":true},{"start":{"line":258,"column":8},"end":{"line":258,"column":8},"skip":true}]},"19":{"line":275,"type":"switch","locations":[{"start":{"line":276,"column":20},"end":{"line":277,"column":64},"skip":true},{"start":{"line":278,"column":20},"end":{"line":279,"column":40},"skip":true},{"start":{"line":280,"column":20},"end":{"line":281,"column":40},"skip":true},{"start":{"line":282,"column":20},"end":{"line":283,"column":39},"skip":true}]},"20":{"line":288,"type":"if","locations":[{"start":{"line":288,"column":8},"end":{"line":288,"column":8},"skip":true},{"start":{"line":288,"column":8},"end":{"line":288,"column":8},"skip":true}]},"21":{"line":288,"type":"binary-expr","locations":[{"start":{"line":288,"column":12},"end":{"line":288,"column":40},"skip":true},{"start":{"line":288,"column":44},"end":{"line":288,"column":67},"skip":true}]},"22":{"line":292,"type":"binary-expr","locations":[{"start":{"line":292,"column":12},"end":{"line":292,"column":50},"skip":true},{"start":{"line":293,"column":12},"end":{"line":293,"column":53},"skip":true}]},"23":{"line":297,"type":"binary-expr","locations":[{"start":{"line":297,"column":12},"end":{"line":297,"column":69},"skip":true},{"start":{"line":298,"column":12},"end":{"line":301,"column":36},"skip":true}]},"24":{"line":303,"type":"binary-expr","locations":[{"start":{"line":303,"column":43},"end":{"line":303,"column":75},"skip":true},{"start":{"line":303,"column":79},"end":{"line":303,"column":81},"skip":true}]},"25":{"line":306,"type":"if","locations":[{"start":{"line":306,"column":8},"end":{"line":306,"column":8},"skip":true},{"start":{"line":306,"column":8},"end":{"line":306,"column":8},"skip":true}]},"26":{"line":310,"type":"if","locations":[{"start":{"line":310,"column":8},"end":{"line":310,"column":8},"skip":true},{"start":{"line":310,"column":8},"end":{"line":310,"column":8},"skip":true}]},"27":{"line":313,"type":"binary-expr","locations":[{"start":{"line":313,"column":27},"end":{"line":313,"column":43},"skip":true},{"start":{"line":313,"column":47},"end":{"line":313,"column":53},"skip":true}]},"28":{"line":317,"type":"if","locations":[{"start":{"line":317,"column":12},"end":{"line":317,"column":12},"skip":true},{"start":{"line":317,"column":12},"end":{"line":317,"column":12},"skip":true}]}},"code":["/*","example.js","","quickstart example","","instruction","    1. save this script as example.js","    2. run the shell command:","        $ npm install npmtest-parse-react && PORT=8081 node example.js","    3. play with the browser-demo on http://127.0.0.1:8081","*/","","","","/* istanbul instrument in package npmtest_parse_react */","/*jslint","    bitwise: true,","    browser: true,","    maxerr: 8,","    maxlen: 96,","    node: true,","    nomen: true,","    regexp: true,","    stupid: true","*/","(function () {","    'use strict';","    var local;","","","","    // run shared js-env code - pre-init","    (function () {","        // init local","        local = {};","        // init modeJs","        local.modeJs = (function () {","            try {","                return typeof navigator.userAgent === 'string' &&","                    typeof document.querySelector('body') === 'object' &&","                    typeof XMLHttpRequest.prototype.open === 'function' &&","                    'browser';","            } catch (errorCaughtBrowser) {","                return module.exports &&","                    typeof process.versions.node === 'string' &&","                    typeof require('http').createServer === 'function' &&","                    'node';","            }","        }());","        // init global","        local.global = local.modeJs === 'browser'","            ? window","            : global;","        // init utility2_rollup","        local = local.global.utility2_rollup || (local.modeJs === 'browser'","            ? local.global.utility2_npmtest_parse_react","            : global.utility2_moduleExports);","        // export local","        local.global.local = local;","    }());","    switch (local.modeJs) {","","","","    // post-init","    // run browser js-env code - post-init","    /* istanbul ignore next */","    case 'browser':","        local.testRunBrowser = function (event) {","            if (!event || (event &&","                    event.currentTarget &&","                    event.currentTarget.className &&","                    event.currentTarget.className.includes &&","                    event.currentTarget.className.includes('onreset'))) {","                // reset output","                Array.from(","                    document.querySelectorAll('body > .resettable')","                ).forEach(function (element) {","                    switch (element.tagName) {","                    case 'INPUT':","                    case 'TEXTAREA':","                        element.value = '';","                        break;","                    default:","                        element.textContent = '';","                    }","                });","            }","            switch (event && event.currentTarget && event.currentTarget.id) {","            case 'testRunButton1':","                // show tests","                if (document.querySelector('#testReportDiv1').style.display === 'none') {","                    document.querySelector('#testReportDiv1').style.display = 'block';","                    document.querySelector('#testRunButton1').textContent =","                        'hide internal test';","                    local.modeTest = true;","                    local.testRunDefault(local);","                // hide tests","                } else {","                    document.querySelector('#testReportDiv1').style.display = 'none';","                    document.querySelector('#testRunButton1').textContent = 'run internal test';","                }","                break;","            // custom-case","            default:","                break;","            }","            if (document.querySelector('#inputTextareaEval1') && (!event || (event &&","                    event.currentTarget &&","                    event.currentTarget.className &&","                    event.currentTarget.className.includes &&","                    event.currentTarget.className.includes('oneval')))) {","                // try to eval input-code","                try {","                    /*jslint evil: true*/","                    eval(document.querySelector('#inputTextareaEval1').value);","                } catch (errorCaught) {","                    console.error(errorCaught);","                }","            }","        };","        // log stderr and stdout to #outputTextareaStdout1","        ['error', 'log'].forEach(function (key) {","            console[key + '_original'] = console[key];","            console[key] = function () {","                var element;","                console[key + '_original'].apply(console, arguments);","                element = document.querySelector('#outputTextareaStdout1');","                if (!element) {","                    return;","                }","                // append text to #outputTextareaStdout1","                element.value += Array.from(arguments).map(function (arg) {","                    return typeof arg === 'string'","                        ? arg","                        : JSON.stringify(arg, null, 4);","                }).join(' ') + '\\n';","                // scroll textarea to bottom","                element.scrollTop = element.scrollHeight;","            };","        });","        // init event-handling","        ['change', 'click', 'keyup'].forEach(function (event) {","            Array.from(document.querySelectorAll('.on' + event)).forEach(function (element) {","                element.addEventListener(event, local.testRunBrowser);","            });","        });","        // run tests","        local.testRunBrowser();","        break;","","","","    // run node js-env code - post-init","    /* istanbul ignore next */","    case 'node':","        // export local","        module.exports = local;","        // require modules","        local.fs = require('fs');","        local.http = require('http');","        local.url = require('url');","        // init assets","        local.assetsDict = local.assetsDict || {};","        /* jslint-ignore-begin */","        local.assetsDict['/assets.index.template.html'] = '\\","<!doctype html>\\n\\","<html lang=\"en\">\\n\\","<head>\\n\\","<meta charset=\"UTF-8\">\\n\\","<meta name=\"viewport\" content=\"width=device-width, initial-scale=1\">\\n\\","<title>{{env.npm_package_name}} (v{{env.npm_package_version}})</title>\\n\\","<style>\\n\\","/*csslint\\n\\","    box-sizing: false,\\n\\","    universal-selector: false\\n\\","*/\\n\\","* {\\n\\","    box-sizing: border-box;\\n\\","}\\n\\","body {\\n\\","    background: #dde;\\n\\","    font-family: Arial, Helvetica, sans-serif;\\n\\","    margin: 2rem;\\n\\","}\\n\\","body > * {\\n\\","    margin-bottom: 1rem;\\n\\","}\\n\\",".utility2FooterDiv {\\n\\","    margin-top: 20px;\\n\\","    text-align: center;\\n\\","}\\n\\","</style>\\n\\","<style>\\n\\","/*csslint\\n\\","*/\\n\\","textarea {\\n\\","    font-family: monospace;\\n\\","    height: 10rem;\\n\\","    width: 100%;\\n\\","}\\n\\","textarea[readonly] {\\n\\","    background: #ddd;\\n\\","}\\n\\","</style>\\n\\","</head>\\n\\","<body>\\n\\","<!-- utility2-comment\\n\\","<div id=\"ajaxProgressDiv1\" style=\"background: #d00; height: 2px; left: 0; margin: 0; padding: 0; position: fixed; top: 0; transition: background 0.5s, width 1.5s; width: 25%;\"></div>\\n\\","utility2-comment -->\\n\\","<h1>\\n\\","<!-- utility2-comment\\n\\","    <a\\n\\","        {{#if env.npm_package_homepage}}\\n\\","        href=\"{{env.npm_package_homepage}}\"\\n\\","        {{/if env.npm_package_homepage}}\\n\\","        target=\"_blank\"\\n\\","    >\\n\\","utility2-comment -->\\n\\","        {{env.npm_package_name}} (v{{env.npm_package_version}})\\n\\","<!-- utility2-comment\\n\\","    </a>\\n\\","utility2-comment -->\\n\\","</h1>\\n\\","<h3>{{env.npm_package_description}}</h3>\\n\\","<!-- utility2-comment\\n\\","<h4><a download href=\"assets.app.js\">download standalone app</a></h4>\\n\\","<button class=\"onclick onreset\" id=\"testRunButton1\">run internal test</button><br>\\n\\","<div id=\"testReportDiv1\" style=\"display: none;\"></div>\\n\\","utility2-comment -->\\n\\","\\n\\","\\n\\","\\n\\","<label>stderr and stdout</label>\\n\\","<textarea class=\"resettable\" id=\"outputTextareaStdout1\" readonly></textarea>\\n\\","<!-- utility2-comment\\n\\","{{#if isRollup}}\\n\\","<script src=\"assets.app.js\"></script>\\n\\","{{#unless isRollup}}\\n\\","utility2-comment -->\\n\\","<script src=\"assets.utility2.rollup.js\"></script>\\n\\","<script src=\"jsonp.utility2._stateInit?callback=window.utility2._stateInit\"></script>\\n\\","<script src=\"assets.npmtest_parse_react.rollup.js\"></script>\\n\\","<script src=\"assets.example.js\"></script>\\n\\","<script src=\"assets.test.js\"></script>\\n\\","<!-- utility2-comment\\n\\","{{/if isRollup}}\\n\\","utility2-comment -->\\n\\","<div class=\"utility2FooterDiv\">\\n\\","    [ this app was created with\\n\\","    <a href=\"https://github.com/kaizhu256/node-utility2\" target=\"_blank\">utility2</a>\\n\\","    ]\\n\\","</div>\\n\\","</body>\\n\\","</html>\\n\\","';","        /* jslint-ignore-end */","        if (local.templateRender) {","            local.assetsDict['/'] = local.templateRender(","                local.assetsDict['/assets.index.template.html'],","                {","                    env: local.objectSetDefault(local.env, {","                        npm_package_description: 'the greatest app in the world!',","                        npm_package_name: 'my-app',","                        npm_package_nameAlias: 'my_app',","                        npm_package_version: '0.0.1'","                    })","                }","            );","        } else {","            local.assetsDict['/'] = local.assetsDict['/assets.index.template.html']","                .replace((/\\{\\{env\\.(\\w+?)\\}\\}/g), function (match0, match1) {","                    // jslint-hack","                    String(match0);","                    switch (match1) {","                    case 'npm_package_description':","                        return 'the greatest app in the world!';","                    case 'npm_package_name':","                        return 'my-app';","                    case 'npm_package_nameAlias':","                        return 'my_app';","                    case 'npm_package_version':","                        return '0.0.1';","                    }","                });","        }","        // run the cli","        if (local.global.utility2_rollup || module !== require.main) {","            break;","        }","        local.assetsDict['/assets.example.js'] =","            local.assetsDict['/assets.example.js'] ||","            local.fs.readFileSync(__filename, 'utf8');","        // bug-workaround - long $npm_package_buildCustomOrg","        /* jslint-ignore-begin */","        local.assetsDict['/assets.npmtest_parse_react.rollup.js'] =","            local.assetsDict['/assets.npmtest_parse_react.rollup.js'] ||","            local.fs.readFileSync(","                local.npmtest_parse_react.__dirname + '/lib.npmtest_parse_react.js',","                'utf8'","            ).replace((/^#!/), '//');","        /* jslint-ignore-end */","        local.assetsDict['/favicon.ico'] = local.assetsDict['/favicon.ico'] || '';","        // if $npm_config_timeout_exit exists,","        // then exit this process after $npm_config_timeout_exit ms","        if (Number(process.env.npm_config_timeout_exit)) {","            setTimeout(process.exit, Number(process.env.npm_config_timeout_exit));","        }","        // start server","        if (local.global.utility2_serverHttp1) {","            break;","        }","        process.env.PORT = process.env.PORT || '8081';","        console.error('server starting on port ' + process.env.PORT);","        local.http.createServer(function (request, response) {","            request.urlParsed = local.url.parse(request.url);","            if (local.assetsDict[request.urlParsed.pathname] !== undefined) {","                response.end(local.assetsDict[request.urlParsed.pathname]);","                return;","            }","            response.statusCode = 404;","            response.end();","        }).listen(process.env.PORT);","        break;","    }","}());",""],"l":{"26":2,"28":2,"33":2,"35":2,"37":2,"38":2,"39":2,"44":1,"51":2,"55":2,"59":2,"61":2,"69":1,"70":2,"76":2,"79":2,"82":2,"83":2,"85":1,"89":2,"92":1,"93":1,"94":1,"96":1,"97":1,"100":1,"101":1,"103":1,"106":1,"108":2,"114":1,"116":1,"118":1,"123":1,"124":2,"125":2,"126":3,"127":3,"128":3,"129":3,"130":1,"133":3,"134":3,"139":3,"143":1,"144":3,"145":1,"149":1,"150":1,"158":1,"160":1,"161":1,"162":1,"164":1,"166":1,"258":1,"259":1,"271":1,"274":6,"275":6,"277":1,"279":2,"281":1,"283":2,"288":1,"289":1,"291":1,"296":1,"303":1,"306":1,"307":1,"310":1,"311":1,"313":1,"314":1,"315":1,"316":1,"317":1,"318":1,"319":1,"321":1,"322":1,"324":1}},"/home/travis/build/npmtest/node-npmtest-parse-react/node_modules/parse-react/index.js":{"path":"/home/travis/build/npmtest/node-npmtest-parse-react/node_modules/parse-react/index.js","s":{"1":2},"b":{},"f":{},"fnMap":{},"statementMap":{"1":{"start":{"line":1,"column":0},"end":{"line":1,"column":56}}},"branchMap":{},"code":["module.exports = require('./lib/browser/ParseReact.js');",""],"l":{"1":2}},"/home/travis/build/npmtest/node-npmtest-parse-react/node_modules/parse-react/lib/browser/ParseReact.js":{"path":"/home/travis/build/npmtest/node-npmtest-parse-react/node_modules/parse-react/lib/browser/ParseReact.js","s":{"1":4,"2":0,"3":0,"4":0},"b":{},"f":{},"fnMap":{},"statementMap":{"1":{"start":{"line":25,"column":0},"end":{"line":25,"column":57}},"2":{"start":{"line":26,"column":0},"end":{"line":26,"column":45}},"3":{"start":{"line":29,"column":0},"end":{"line":29,"column":28}},"4":{"start":{"line":31,"column":0},"end":{"line":36,"column":2}}},"branchMap":{},"code":["/*"," *  Copyright (c) 2015, Parse, LLC. All rights reserved."," *"," *  You are hereby granted a non-exclusive, worldwide, royalty-free license to"," *  use, copy, modify, and distribute this software in source code or binary"," *  form for use in connection with the web services and APIs provided by Parse."," *"," *  As with any software that integrates with the Parse platform, your use of"," *  this software is subject to the Parse Terms of Service"," *  [https://www.parse.com/about/terms]. This copyright notice shall be"," *  included in all copies or substantial portions of the software."," *"," *  THE SOFTWARE IS PROVIDED \"AS IS\", WITHOUT WARRANTY OF ANY KIND, EXPRESS OR"," *  IMPLIED, INCLUDING BUT NOT LIMITED TO THE WARRANTIES OF MERCHANTABILITY,"," *  FITNESS FOR A PARTICULAR PURPOSE AND NONINFRINGEMENT. IN NO EVENT SHALL THE"," *  AUTHORS OR COPYRIGHT HOLDERS BE LIABLE FOR ANY CLAIM, DAMAGES OR OTHER"," *  LIABILITY, WHETHER IN AN ACTION OF CONTRACT, TORT OR OTHERWISE, ARISING"," *  FROM, OUT OF OR IN CONNECTION WITH THE SOFTWARE OR THE USE OR OTHER DEALINGS"," *  IN THE SOFTWARE."," *"," */","","'use strict';","","var LocalSubscriptions = require('./LocalSubscriptions');","var ParsePatches = require('./ParsePatches');","","// Apply patches to the Parse JS SDK","ParsePatches.applyPatches();","","module.exports = {","  Component: require('./ParseComponent'),","  currentUser: LocalSubscriptions.currentUser,","  Mixin: require('./Mixin'),","  Mutation: require('./Mutation')","};"],"l":{"25":4,"26":0,"29":0,"31":0}},"/home/travis/build/npmtest/node-npmtest-parse-react/node_modules/parse-react/lib/browser/LocalSubscriptions.js":{"path":"/home/travis/build/npmtest/node-npmtest-parse-react/node_modules/parse-react/lib/browser/LocalSubscriptions.js","s":{"1":8,"2":0,"3":0,"4":0,"5":0,"6":0,"7":0,"8":0,"9":0,"10":0,"11":0,"12":0,"13":0,"14":0,"15":0,"16":0,"17":0,"18":0,"19":0,"20":0,"21":0,"22":0,"23":0,"24":0,"25":0,"26":0,"27":0,"28":0,"29":0,"30":0,"31":0,"32":0,"33":0,"34":0,"35":0,"36":0,"37":0,"38":0,"39":0,"40":0,"41":0,"42":0,"43":0,"44":0,"45":0},"b":{"1":[0,0],"2":[0,0],"3":[0,0],"4":[0,0],"5":[0,0],"6":[0,0],"7":[0,0],"8":[0,0,0,0,0,0],"9":[0,0],"10":[0,0]},"f":{"1":0,"2":0,"3":0,"4":0,"5":0},"fnMap":{"1":{"name":"subscribe","line":41,"loc":{"start":{"line":41,"column":13},"end":{"line":41,"column":43}}},"2":{"name":"(anonymous_2)","line":64,"loc":{"start":{"line":64,"column":37},"end":{"line":64,"column":53}}},"3":{"name":"dispose","line":78,"loc":{"start":{"line":78,"column":15},"end":{"line":78,"column":34}}},"4":{"name":"update","line":84,"loc":{"start":{"line":84,"column":10},"end":{"line":84,"column":35}}},"5":{"name":"(anonymous_5)","line":87,"loc":{"start":{"line":87,"column":35},"end":{"line":87,"column":54}}}},"statementMap":{"1":{"start":{"line":32,"column":0},"end":{"line":32,"column":35}},"2":{"start":{"line":33,"column":0},"end":{"line":33,"column":25}},"3":{"start":{"line":34,"column":0},"end":{"line":34,"column":43}},"4":{"start":{"line":35,"column":0},"end":{"line":35,"column":35}},"5":{"start":{"line":37,"column":0},"end":{"line":109,"column":2}},"6":{"start":{"line":42,"column":4},"end":{"line":42,"column":21}},"7":{"start":{"line":44,"column":4},"end":{"line":44,"column":48}},"8":{"start":{"line":45,"column":4},"end":{"line":45,"column":45}},"9":{"start":{"line":46,"column":4},"end":{"line":46,"column":11}},"10":{"start":{"line":48,"column":4},"end":{"line":48,"column":23}},"11":{"start":{"line":49,"column":4},"end":{"line":55,"column":5}},"12":{"start":{"line":51,"column":6},"end":{"line":51,"column":37}},"13":{"start":{"line":56,"column":4},"end":{"line":76,"column":5}},"14":{"start":{"line":57,"column":6},"end":{"line":57,"column":52}},"15":{"start":{"line":58,"column":6},"end":{"line":60,"column":7}},"16":{"start":{"line":59,"column":8},"end":{"line":59,"column":63}},"17":{"start":{"line":61,"column":6},"end":{"line":61,"column":50}},"18":{"start":{"line":62,"column":11},"end":{"line":76,"column":5}},"19":{"start":{"line":64,"column":6},"end":{"line":74,"column":9}},"20":{"start":{"line":65,"column":8},"end":{"line":73,"column":9}},"21":{"start":{"line":66,"column":10},"end":{"line":66,"column":40}},"22":{"start":{"line":67,"column":10},"end":{"line":69,"column":11}},"23":{"start":{"line":68,"column":12},"end":{"line":68,"column":51}},"24":{"start":{"line":70,"column":10},"end":{"line":70,"column":54}},"25":{"start":{"line":72,"column":10},"end":{"line":72,"column":33}},"26":{"start":{"line":75,"column":6},"end":{"line":75,"column":34}},"27":{"start":{"line":77,"column":4},"end":{"line":81,"column":6}},"28":{"start":{"line":79,"column":8},"end":{"line":79,"column":45}},"29":{"start":{"line":85,"column":4},"end":{"line":85,"column":22}},"30":{"start":{"line":87,"column":4},"end":{"line":107,"column":7}},"31":{"start":{"line":88,"column":6},"end":{"line":95,"column":7}},"32":{"start":{"line":89,"column":8},"end":{"line":93,"column":9}},"33":{"start":{"line":90,"column":10},"end":{"line":92,"column":11}},"34":{"start":{"line":91,"column":12},"end":{"line":91,"column":45}},"35":{"start":{"line":94,"column":8},"end":{"line":94,"column":70}},"36":{"start":{"line":96,"column":6},"end":{"line":106,"column":7}},"37":{"start":{"line":97,"column":8},"end":{"line":97,"column":26}},"38":{"start":{"line":98,"column":8},"end":{"line":104,"column":9}},"39":{"start":{"line":99,"column":10},"end":{"line":99,"column":70}},"40":{"start":{"line":100,"column":10},"end":{"line":103,"column":11}},"41":{"start":{"line":101,"column":12},"end":{"line":101,"column":38}},"42":{"start":{"line":102,"column":12},"end":{"line":102,"column":44}},"43":{"start":{"line":105,"column":8},"end":{"line":105,"column":47}},"44":{"start":{"line":111,"column":0},"end":{"line":113,"column":2}},"45":{"start":{"line":115,"column":0},"end":{"line":115,"column":36}}},"branchMap":{"1":{"line":56,"type":"if","locations":[{"start":{"line":56,"column":4},"end":{"line":56,"column":4}},{"start":{"line":56,"column":4},"end":{"line":56,"column":4}}]},"2":{"line":58,"type":"if","locations":[{"start":{"line":58,"column":6},"end":{"line":58,"column":6}},{"start":{"line":58,"column":6},"end":{"line":58,"column":6}}]},"3":{"line":62,"type":"if","locations":[{"start":{"line":62,"column":11},"end":{"line":62,"column":11}},{"start":{"line":62,"column":11},"end":{"line":62,"column":11}}]},"4":{"line":65,"type":"if","locations":[{"start":{"line":65,"column":8},"end":{"line":65,"column":8}},{"start":{"line":65,"column":8},"end":{"line":65,"column":8}}]},"5":{"line":67,"type":"if","locations":[{"start":{"line":67,"column":10},"end":{"line":67,"column":10}},{"start":{"line":67,"column":10},"end":{"line":67,"column":10}}]},"6":{"line":88,"type":"if","locations":[{"start":{"line":88,"column":6},"end":{"line":88,"column":6}},{"start":{"line":88,"column":6},"end":{"line":88,"column":6}}]},"7":{"line":90,"type":"if","locations":[{"start":{"line":90,"column":10},"end":{"line":90,"column":10}},{"start":{"line":90,"column":10},"end":{"line":90,"column":10}}]},"8":{"line":90,"type":"binary-expr","locations":[{"start":{"line":90,"column":14},"end":{"line":90,"column":27}},{"start":{"line":90,"column":31},"end":{"line":90,"column":50}},{"start":{"line":90,"column":54},"end":{"line":90,"column":74}},{"start":{"line":90,"column":78},"end":{"line":90,"column":101}},{"start":{"line":90,"column":105},"end":{"line":90,"column":125}},{"start":{"line":90,"column":129},"end":{"line":90,"column":149}}]},"9":{"line":98,"type":"if","locations":[{"start":{"line":98,"column":8},"end":{"line":98,"column":8}},{"start":{"line":98,"column":8},"end":{"line":98,"column":8}}]},"10":{"line":100,"type":"if","locations":[{"start":{"line":100,"column":10},"end":{"line":100,"column":10}},{"start":{"line":100,"column":10},"end":{"line":100,"column":10}}]}},"code":["/*"," *  Copyright (c) 2015, Parse, LLC. All rights reserved."," *"," *  You are hereby granted a non-exclusive, worldwide, royalty-free license to"," *  use, copy, modify, and distribute this software in source code or binary"," *  form for use in connection with the web services and APIs provided by Parse."," *"," *  As with any software that integrates with the Parse platform, your use of"," *  this software is subject to the Parse Terms of Service"," *  [https://www.parse.com/about/terms]. This copyright notice shall be"," *  included in all copies or substantial portions of the software."," *"," *  THE SOFTWARE IS PROVIDED \"AS IS\", WITHOUT WARRANTY OF ANY KIND, EXPRESS OR"," *  IMPLIED, INCLUDING BUT NOT LIMITED TO THE WARRANTIES OF MERCHANTABILITY,"," *  FITNESS FOR A PARTICULAR PURPOSE AND NONINFRINGEMENT. IN NO EVENT SHALL THE"," *  AUTHORS OR COPYRIGHT HOLDERS BE LIABLE FOR ANY CLAIM, DAMAGES OR OTHER"," *  LIABILITY, WHETHER IN AN ACTION OF CONTRACT, TORT OR OTHERWISE, ARISING"," *  FROM, OUT OF OR IN CONNECTION WITH THE SOFTWARE OR THE USE OR OTHER DEALINGS"," *  IN THE SOFTWARE."," *"," *  "," */","","/**"," * Local Subscriptions allow applications to subscribe to local objects, such"," * as the current user. React components can watch these for changes and"," * re-render when they are updated."," */","","'use strict';","","var flatten = require('./flatten');","var Id = require('./Id');","var ObjectStore = require('./ObjectStore');","var Parse = require('./StubParse');","","var currentUser = {","  subscribers: {},","  observerCount: 0,","","  subscribe: function subscribe(callbacks) {","    var _this = this;","","    var observerId = 'o' + this.observerCount++;","    this.subscribers[observerId] = callbacks;","    var id;","","    var current = null;","    try {","      // Attempt to get the user synchronously, if it's in cache","      current = Parse.User.current();","    } catch (e) {","      // Using an asynchronous storage with no cache","      // Fail over to the currentAsync() fetch","    }","    if (current) {","      id = new Id('_User', Parse.User.current().id);","      if (!ObjectStore.getLatest(id)) {","        ObjectStore.storeObject(flatten(Parse.User.current()));","      }","      callbacks.onNext(ObjectStore.getLatest(id));","    } else if (Parse.Storage.async()) {","      // It's possible we haven't loaded the user from disk yet","      Parse.User.currentAsync().then(function (user) {","        if (user !== null) {","          id = new Id('_User', user.id);","          if (!ObjectStore.getLatest(id)) {","            ObjectStore.storeObject(flatten(user));","          }","          callbacks.onNext(ObjectStore.getLatest(id));","        } else {","          callbacks.onNext(null);","        }","      });","      callbacks.onNext(undefined);","    }","    return {","      dispose: function dispose() {","        delete _this.subscribers[observerId];","      }","    };","  },","","  update: function update(changes) {","    var _this2 = this;","","    Parse.User.currentAsync().then(function (current) {","      if (current !== null) {","        for (var attr in changes) {","          if (attr !== 'id' && attr !== 'objectId' && attr !== 'className' && attr !== 'sessionToken' && attr !== 'createdAt' && attr !== 'updatedAt') {","            current.set(attr, changes[attr]);","          }","        }","        Parse.CoreManager.getUserController().setCurrentUser(current);","      }","      for (var oid in _this2.subscribers) {","        var latest = null;","        if (current) {","          latest = ObjectStore.getLatest(new Id('_User', current.id));","          if (latest === null) {","            latest = flatten(current);","            ObjectStore.storeObject(latest);","          }","        }","        _this2.subscribers[oid].onNext(latest);","      }","    });","  }","};","","var LocalSubscriptions = {","  currentUser: currentUser","};","","module.exports = LocalSubscriptions;"],"l":{"32":8,"33":0,"34":0,"35":0,"37":0,"42":0,"44":0,"45":0,"46":0,"48":0,"49":0,"51":0,"56":0,"57":0,"58":0,"59":0,"61":0,"62":0,"64":0,"65":0,"66":0,"67":0,"68":0,"70":0,"72":0,"75":0,"77":0,"79":0,"85":0,"87":0,"88":0,"89":0,"90":0,"91":0,"94":0,"96":0,"97":0,"98":0,"99":0,"100":0,"101":0,"102":0,"105":0,"111":0,"115":0}},"/home/travis/build/npmtest/node-npmtest-parse-react/node_modules/parse-react/lib/browser/flatten.js":{"path":"/home/travis/build/npmtest/node-npmtest-parse-react/node_modules/parse-react/lib/browser/flatten.js","s":{"1":18,"2":18,"3":0,"4":1,"5":0,"6":0,"7":0,"8":1,"9":0,"10":0,"11":0,"12":0,"13":0,"14":0,"15":0,"16":0,"17":0,"18":0,"19":0,"20":0,"21":0,"22":0,"23":0,"24":0,"25":0,"26":0,"27":0},"b":{"1":[0,0],"2":[0,0],"3":[0,0],"4":[0,0],"5":[0,0],"6":[0,0],"7":[0,0]},"f":{"1":0,"2":0},"fnMap":{"1":{"name":"mappedFlatten","line":29,"loc":{"start":{"line":29,"column":0},"end":{"line":29,"column":27}}},"2":{"name":"flatten","line":44,"loc":{"start":{"line":44,"column":0},"end":{"line":44,"column":25}}}},"statementMap":{"1":{"start":{"line":25,"column":0},"end":{"line":25,"column":25}},"2":{"start":{"line":26,"column":0},"end":{"line":26,"column":35}},"3":{"start":{"line":27,"column":0},"end":{"line":27,"column":35}},"4":{"start":{"line":29,"column":0},"end":{"line":38,"column":1}},"5":{"start":{"line":30,"column":2},"end":{"line":36,"column":3}},"6":{"start":{"line":31,"column":4},"end":{"line":35,"column":6}},"7":{"start":{"line":37,"column":2},"end":{"line":37,"column":21}},"8":{"start":{"line":44,"column":0},"end":{"line":77,"column":1}},"9":{"start":{"line":45,"column":2},"end":{"line":47,"column":3}},"10":{"start":{"line":46,"column":4},"end":{"line":46,"column":37}},"11":{"start":{"line":48,"column":2},"end":{"line":51,"column":3}},"12":{"start":{"line":49,"column":4},"end":{"line":49,"column":73}},"13":{"start":{"line":50,"column":4},"end":{"line":50,"column":18}},"14":{"start":{"line":53,"column":2},"end":{"line":57,"column":4}},"15":{"start":{"line":58,"column":2},"end":{"line":60,"column":3}},"16":{"start":{"line":59,"column":4},"end":{"line":59,"column":38}},"17":{"start":{"line":61,"column":2},"end":{"line":63,"column":3}},"18":{"start":{"line":62,"column":4},"end":{"line":62,"column":38}},"19":{"start":{"line":64,"column":2},"end":{"line":74,"column":3}},"20":{"start":{"line":65,"column":4},"end":{"line":65,"column":38}},"21":{"start":{"line":66,"column":4},"end":{"line":73,"column":5}},"22":{"start":{"line":68,"column":6},"end":{"line":68,"column":38}},"23":{"start":{"line":69,"column":11},"end":{"line":73,"column":5}},"24":{"start":{"line":70,"column":6},"end":{"line":70,"column":42}},"25":{"start":{"line":72,"column":6},"end":{"line":72,"column":23}},"26":{"start":{"line":76,"column":2},"end":{"line":76,"column":14}},"27":{"start":{"line":79,"column":0},"end":{"line":79,"column":25}}},"branchMap":{"1":{"line":30,"type":"if","locations":[{"start":{"line":30,"column":2},"end":{"line":30,"column":2}},{"start":{"line":30,"column":2},"end":{"line":30,"column":2}}]},"2":{"line":45,"type":"if","locations":[{"start":{"line":45,"column":2},"end":{"line":45,"column":2}},{"start":{"line":45,"column":2},"end":{"line":45,"column":2}}]},"3":{"line":48,"type":"if","locations":[{"start":{"line":48,"column":2},"end":{"line":48,"column":2}},{"start":{"line":48,"column":2},"end":{"line":48,"column":2}}]},"4":{"line":58,"type":"if","locations":[{"start":{"line":58,"column":2},"end":{"line":58,"column":2}},{"start":{"line":58,"column":2},"end":{"line":58,"column":2}}]},"5":{"line":61,"type":"if","locations":[{"start":{"line":61,"column":2},"end":{"line":61,"column":2}},{"start":{"line":61,"column":2},"end":{"line":61,"column":2}}]},"6":{"line":66,"type":"if","locations":[{"start":{"line":66,"column":4},"end":{"line":66,"column":4}},{"start":{"line":66,"column":4},"end":{"line":66,"column":4}}]},"7":{"line":69,"type":"if","locations":[{"start":{"line":69,"column":11},"end":{"line":69,"column":11}},{"start":{"line":69,"column":11},"end":{"line":69,"column":11}}]}},"code":["/*"," *  Copyright (c) 2015, Parse, LLC. All rights reserved."," *"," *  You are hereby granted a non-exclusive, worldwide, royalty-free license to"," *  use, copy, modify, and distribute this software in source code or binary"," *  form for use in connection with the web services and APIs provided by Parse."," *"," *  As with any software that integrates with the Parse platform, your use of"," *  this software is subject to the Parse Terms of Service"," *  [https://www.parse.com/about/terms]. This copyright notice shall be"," *  included in all copies or substantial portions of the software."," *"," *  THE SOFTWARE IS PROVIDED \"AS IS\", WITHOUT WARRANTY OF ANY KIND, EXPRESS OR"," *  IMPLIED, INCLUDING BUT NOT LIMITED TO THE WARRANTIES OF MERCHANTABILITY,"," *  FITNESS FOR A PARTICULAR PURPOSE AND NONINFRINGEMENT. IN NO EVENT SHALL THE"," *  AUTHORS OR COPYRIGHT HOLDERS BE LIABLE FOR ANY CLAIM, DAMAGES OR OTHER"," *  LIABILITY, WHETHER IN AN ACTION OF CONTRACT, TORT OR OTHERWISE, ARISING"," *  FROM, OUT OF OR IN CONNECTION WITH THE SOFTWARE OR THE USE OR OTHER DEALINGS"," *  IN THE SOFTWARE."," *"," */","","'use strict';","","var Id = require('./Id');","var Parse = require('./StubParse');","var warning = require('./warning');","","function mappedFlatten(el) {","  if (el instanceof Parse.Object) {","    return {","      __type: 'Pointer',","      className: el.className,","      objectId: el.id","    };","  }","  return flatten(el);","}","","/**"," * Convert a Parse Object or array of Parse Objects into a plain JS Object."," */","","function flatten(object) {","  if (Array.isArray(object)) {","    return object.map(mappedFlatten);","  }","  if (!(object instanceof Parse.Object)) {","    warning('Attempted to flatten something that is not a Parse Object');","    return object;","  }","","  var flat = {","    id: new Id(object.className, object.id),","    className: object.className,","    objectId: object.id","  };","  if (object.createdAt) {","    flat.createdAt = object.createdAt;","  }","  if (object.updatedAt) {","    flat.updatedAt = object.updatedAt;","  }","  for (var attr in object.attributes) {","    var val = object.attributes[attr];","    if (val instanceof Parse.Object) {","      // We replace it with a pointer","      flat[attr] = mappedFlatten(val);","    } else if (Array.isArray(val)) {","      flat[attr] = val.map(mappedFlatten);","    } else {","      flat[attr] = val;","    }","  }","","  return flat;","}","","module.exports = flatten;"],"l":{"25":18,"26":18,"27":0,"29":1,"30":0,"31":0,"37":0,"44":1,"45":0,"46":0,"48":0,"49":0,"50":0,"53":0,"58":0,"59":0,"61":0,"62":0,"64":0,"65":0,"66":0,"68":0,"69":0,"70":0,"72":0,"76":0,"79":0}},"/home/travis/build/npmtest/node-npmtest-parse-react/node_modules/parse-react/lib/browser/Id.js":{"path":"/home/travis/build/npmtest/node-npmtest-parse-react/node_modules/parse-react/lib/browser/Id.js","s":{"1":1,"2":1,"3":2,"4":2,"5":2,"6":2,"7":2,"8":2,"9":2,"10":1,"11":1,"12":1,"13":1,"14":1,"15":1,"16":1,"17":0,"18":0,"19":1,"20":1,"21":0,"22":0,"23":0,"24":1,"25":0,"26":0,"27":0,"28":0,"29":0,"30":1,"31":1},"b":{"1":[2,2],"2":[2,0],"3":[1,0],"4":[1,0],"5":[0,0],"6":[0,0]},"f":{"1":1,"2":2,"3":1,"4":0,"5":1,"6":0,"7":0,"8":0},"fnMap":{"1":{"name":"(anonymous_1)","line":32,"loc":{"start":{"line":32,"column":20},"end":{"line":32,"column":32}}},"2":{"name":"defineProperties","line":32,"loc":{"start":{"line":32,"column":34},"end":{"line":32,"column":75}}},"3":{"name":"(anonymous_3)","line":32,"loc":{"start":{"line":32,"column":358},"end":{"line":32,"column":406}}},"4":{"name":"_classCallCheck","line":34,"loc":{"start":{"line":34,"column":0},"end":{"line":34,"column":48}}},"5":{"name":"(anonymous_5)","line":36,"loc":{"start":{"line":36,"column":10},"end":{"line":36,"column":22}}},"6":{"name":"Id","line":37,"loc":{"start":{"line":37,"column":2},"end":{"line":37,"column":35}}},"7":{"name":"toString","line":46,"loc":{"start":{"line":46,"column":11},"end":{"line":46,"column":31}}},"8":{"name":"fromString","line":51,"loc":{"start":{"line":51,"column":11},"end":{"line":51,"column":36}}}},"statementMap":{"1":{"start":{"line":32,"column":0},"end":{"line":32,"column":566}},"2":{"start":{"line":32,"column":34},"end":{"line":32,"column":350}},"3":{"start":{"line":32,"column":77},"end":{"line":32,"column":348}},"4":{"start":{"line":32,"column":118},"end":{"line":32,"column":144}},"5":{"start":{"line":32,"column":145},"end":{"line":32,"column":200}},"6":{"start":{"line":32,"column":201},"end":{"line":32,"column":232}},"7":{"start":{"line":32,"column":233},"end":{"line":32,"column":287}},"8":{"start":{"line":32,"column":260},"end":{"line":32,"column":287}},"9":{"start":{"line":32,"column":288},"end":{"line":32,"column":346}},"10":{"start":{"line":32,"column":351},"end":{"line":32,"column":560}},"11":{"start":{"line":32,"column":408},"end":{"line":32,"column":476}},"12":{"start":{"line":32,"column":424},"end":{"line":32,"column":476}},"13":{"start":{"line":32,"column":477},"end":{"line":32,"column":537}},"14":{"start":{"line":32,"column":494},"end":{"line":32,"column":537}},"15":{"start":{"line":32,"column":538},"end":{"line":32,"column":557}},"16":{"start":{"line":34,"column":0},"end":{"line":34,"column":153}},"17":{"start":{"line":34,"column":50},"end":{"line":34,"column":151}},"18":{"start":{"line":34,"column":92},"end":{"line":34,"column":149}},"19":{"start":{"line":36,"column":0},"end":{"line":61,"column":5}},"20":{"start":{"line":37,"column":2},"end":{"line":42,"column":3}},"21":{"start":{"line":38,"column":4},"end":{"line":38,"column":30}},"22":{"start":{"line":40,"column":4},"end":{"line":40,"column":31}},"23":{"start":{"line":41,"column":4},"end":{"line":41,"column":29}},"24":{"start":{"line":44,"column":2},"end":{"line":58,"column":6}},"25":{"start":{"line":47,"column":6},"end":{"line":47,"column":50}},"26":{"start":{"line":52,"column":6},"end":{"line":52,"column":33}},"27":{"start":{"line":53,"column":6},"end":{"line":55,"column":7}},"28":{"start":{"line":54,"column":8},"end":{"line":54,"column":72}},"29":{"start":{"line":56,"column":6},"end":{"line":56,"column":40}},"30":{"start":{"line":60,"column":2},"end":{"line":60,"column":12}},"31":{"start":{"line":63,"column":0},"end":{"line":63,"column":20}}},"branchMap":{"1":{"line":32,"type":"binary-expr","locations":[{"start":{"line":32,"column":169},"end":{"line":32,"column":190}},{"start":{"line":32,"column":194},"end":{"line":32,"column":199}}]},"2":{"line":32,"type":"if","locations":[{"start":{"line":32,"column":233},"end":{"line":32,"column":233}},{"start":{"line":32,"column":233},"end":{"line":32,"column":233}}]},"3":{"line":32,"type":"if","locations":[{"start":{"line":32,"column":408},"end":{"line":32,"column":408}},{"start":{"line":32,"column":408},"end":{"line":32,"column":408}}]},"4":{"line":32,"type":"if","locations":[{"start":{"line":32,"column":477},"end":{"line":32,"column":477}},{"start":{"line":32,"column":477},"end":{"line":32,"column":477}}]},"5":{"line":34,"type":"if","locations":[{"start":{"line":34,"column":50},"end":{"line":34,"column":50}},{"start":{"line":34,"column":50},"end":{"line":34,"column":50}}]},"6":{"line":53,"type":"if","locations":[{"start":{"line":53,"column":6},"end":{"line":53,"column":6}},{"start":{"line":53,"column":6},"end":{"line":53,"column":6}}]}},"code":["/*"," *  Copyright (c) 2015, Parse, LLC. All rights reserved."," *"," *  You are hereby granted a non-exclusive, worldwide, royalty-free license to"," *  use, copy, modify, and distribute this software in source code or binary"," *  form for use in connection with the web services and APIs provided by Parse."," *"," *  As with any software that integrates with the Parse platform, your use of"," *  this software is subject to the Parse Terms of Service"," *  [https://www.parse.com/about/terms]. This copyright notice shall be"," *  included in all copies or substantial portions of the software."," *"," *  THE SOFTWARE IS PROVIDED \"AS IS\", WITHOUT WARRANTY OF ANY KIND, EXPRESS OR"," *  IMPLIED, INCLUDING BUT NOT LIMITED TO THE WARRANTIES OF MERCHANTABILITY,"," *  FITNESS FOR A PARTICULAR PURPOSE AND NONINFRINGEMENT. IN NO EVENT SHALL THE"," *  AUTHORS OR COPYRIGHT HOLDERS BE LIABLE FOR ANY CLAIM, DAMAGES OR OTHER"," *  LIABILITY, WHETHER IN AN ACTION OF CONTRACT, TORT OR OTHERWISE, ARISING"," *  FROM, OUT OF OR IN CONNECTION WITH THE SOFTWARE OR THE USE OR OTHER DEALINGS"," *  IN THE SOFTWARE."," *"," *  "," */","","'use strict';","","/**"," * Id is used internally to provide a unique identifier for a specific Parse"," * Object. It automatically converts to a string for purposes like providing a"," * map key."," */","","var _createClass = (function () { function defineProperties(target, props) { for (var i = 0; i < props.length; i++) { var descriptor = props[i]; descriptor.enumerable = descriptor.enumerable || false; descriptor.configurable = true; if ('value' in descriptor) descriptor.writable = true; Object.defineProperty(target, descriptor.key, descriptor); } } return function (Constructor, protoProps, staticProps) { if (protoProps) defineProperties(Constructor.prototype, protoProps); if (staticProps) defineProperties(Constructor, staticProps); return Constructor; }; })();","","function _classCallCheck(instance, Constructor) { if (!(instance instanceof Constructor)) { throw new TypeError('Cannot call a class as a function'); } }","","var Id = (function () {","  function Id(className, objectId) {","    _classCallCheck(this, Id);","","    this.className = className;","    this.objectId = objectId;","  }","","  _createClass(Id, [{","    key: 'toString',","    value: function toString() {","      return this.className + ':' + this.objectId;","    }","  }], [{","    key: 'fromString',","    value: function fromString(str) {","      var split = str.split(':');","      if (split.length !== 2) {","        throw new TypeError('Cannot create Id object from this string');","      }","      return new Id(split[0], split[1]);","    }","  }]);","","  return Id;","})();","","module.exports = Id;"],"l":{"32":2,"34":1,"36":1,"37":1,"38":0,"40":0,"41":0,"44":1,"47":0,"52":0,"53":0,"54":0,"56":0,"60":1,"63":1}},"/home/travis/build/npmtest/node-npmtest-parse-react/node_modules/parse-react/lib/browser/StubParse.js":{"path":"/home/travis/build/npmtest/node-npmtest-parse-react/node_modules/parse-react/lib/browser/StubParse.js","s":{"1":32,"2":32,"3":32,"4":32,"5":32,"6":0,"7":0,"8":0,"9":0,"10":0,"11":0,"12":0,"13":0,"14":0},"b":{"1":[32,0],"2":[32,0],"3":[0,0],"4":[0,0],"5":[0,0],"6":[0,0]},"f":{},"fnMap":{},"statementMap":{"1":{"start":{"line":25,"column":0},"end":{"line":47,"column":1}},"2":{"start":{"line":26,"column":2},"end":{"line":34,"column":3}},"3":{"start":{"line":27,"column":4},"end":{"line":31,"column":5}},"4":{"start":{"line":28,"column":6},"end":{"line":28,"column":40}},"5":{"start":{"line":30,"column":6},"end":{"line":30,"column":116}},"6":{"start":{"line":33,"column":4},"end":{"line":33,"column":78}},"7":{"start":{"line":36,"column":2},"end":{"line":45,"column":3}},"8":{"start":{"line":37,"column":4},"end":{"line":37,"column":57}},"9":{"start":{"line":38,"column":4},"end":{"line":40,"column":5}},"10":{"start":{"line":39,"column":6},"end":{"line":39,"column":34}},"11":{"start":{"line":41,"column":4},"end":{"line":41,"column":37}},"12":{"start":{"line":42,"column":4},"end":{"line":44,"column":5}},"13":{"start":{"line":43,"column":6},"end":{"line":43,"column":75}},"14":{"start":{"line":46,"column":2},"end":{"line":46,"column":25}}},"branchMap":{"1":{"line":25,"type":"if","locations":[{"start":{"line":25,"column":0},"end":{"line":25,"column":0}},{"start":{"line":25,"column":0},"end":{"line":25,"column":0}}]},"2":{"line":26,"type":"if","locations":[{"start":{"line":26,"column":2},"end":{"line":26,"column":2}},{"start":{"line":26,"column":2},"end":{"line":26,"column":2}}]},"3":{"line":36,"type":"if","locations":[{"start":{"line":36,"column":2},"end":{"line":36,"column":2}},{"start":{"line":36,"column":2},"end":{"line":36,"column":2}}]},"4":{"line":37,"type":"binary-expr","locations":[{"start":{"line":37,"column":18},"end":{"line":37,"column":50}},{"start":{"line":37,"column":54},"end":{"line":37,"column":56}}]},"5":{"line":38,"type":"if","locations":[{"start":{"line":38,"column":4},"end":{"line":38,"column":4}},{"start":{"line":38,"column":4},"end":{"line":38,"column":4}}]},"6":{"line":42,"type":"if","locations":[{"start":{"line":42,"column":4},"end":{"line":42,"column":4}},{"start":{"line":42,"column":4},"end":{"line":42,"column":4}}]}},"code":["/*"," *  Copyright (c) 2015, Parse, LLC. All rights reserved."," *"," *  You are hereby granted a non-exclusive, worldwide, royalty-free license to"," *  use, copy, modify, and distribute this software in source code or binary"," *  form for use in connection with the web services and APIs provided by Parse."," *"," *  As with any software that integrates with the Parse platform, your use of"," *  this software is subject to the Parse Terms of Service"," *  [https://www.parse.com/
[...]
55":0,"56":0,"57":0,"58":0,"59":0,"60":0,"61":0,"62":0,"63":0,"64":0,"65":0,"66":0,"67":0,"68":0,"69":0,"70":0,"71":0,"72":0,"73":0,"74":0,"75":0,"76":0,"77":0,"78":0,"79":0,"80":0,"81":0,"82":0},"b":{"1":[0,0],"2":[0,0],"3":[0,0],"4":[0,0],"5":[0,0],"6":[0,0],"7":[0,0],"8":[0,0],"9":[0,0],"10":[0,0],"11":[0,0],"12":[0,0],"13":[0,0],"14":[0,0],"15":[0,0]},"f":{"1":0,"2":0,"3":0,"4":0,"5":0,"6":0,"7":0,"8":0,"9":0,"10":0},"fnMap":{"1":{"name":"issueMutation","line":49,"loc":{"start":{"line":49,"column":0},"end":{"line":49,"column":42}}},"2":{"name":"(anonymous_2)","line":57,"loc":{"start":{"line":57,"column":64},"end":{"line":57,"column":82}}},"3":{"name":"performOptimisticMutation","line":66,"loc":{"start":{"line":66,"column":0},"end":{"line":66,"column":60}}},"4":{"name":"(anonymous_4)","line":87,"loc":{"start":{"line":87,"column":49},"end":{"line":87,"column":67}}},"5":{"name":"(anonymous_5)","line":93,"loc":{"start":{"line":93,"column":5},"end":{"line":93,"column":20}}},"6":{"name":"(anonymous_6)","line":98,"loc":{"start":{"line":98,"column":26},"end":{"line":98,"column":48}}},"7":{"name":"pushUpdates","line":119,"loc":{"start":{"line":119,"column":0},"end":{"line":122,"column":9}}},"8":{"name":"(anonymous_8)","line":126,"loc":{"start":{"line":126,"column":24},"end":{"line":126,"column":46}}},"9":{"name":"(anonymous_9)","line":138,"loc":{"start":{"line":138,"column":22},"end":{"line":138,"column":44}}},"10":{"name":"(anonymous_10)","line":156,"loc":{"start":{"line":156,"column":92},"end":{"line":156,"column":113}}}},"statementMap":{"1":{"start":{"line":26,"column":0},"end":{"line":28,"column":3}},"2":{"start":{"line":29,"column":0},"end":{"line":29,"column":38}},"3":{"start":{"line":30,"column":0},"end":{"line":30,"column":31}},"4":{"start":{"line":31,"column":0},"end":{"line":31,"column":25}},"5":{"start":{"line":32,"column":0},"end":{"line":32,"column":57}},"6":{"start":{"line":33,"column":0},"end":{"line":33,"column":53}},"7":{"start":{"line":34,"column":0},"end":{"line":34,"column":43}},"8":{"start":{"line":35,"column":0},"end":{"line":35,"column":35}},"9":{"start":{"line":36,"column":0},"end":{"line":36,"column":41}},"10":{"start":{"line":37,"column":0},"end":{"line":37,"column":59}},"11":{"start":{"line":39,"column":0},"end":{"line":39,"column":19}},"12":{"start":{"line":49,"column":0},"end":{"line":64,"column":1}},"13":{"start":{"line":50,"column":2},"end":{"line":50,"column":18}},"14":{"start":{"line":51,"column":2},"end":{"line":51,"column":114}},"15":{"start":{"line":53,"column":2},"end":{"line":55,"column":3}},"16":{"start":{"line":54,"column":4},"end":{"line":54,"column":70}},"17":{"start":{"line":57,"column":2},"end":{"line":63,"column":5}},"18":{"start":{"line":58,"column":4},"end":{"line":58,"column":59}},"19":{"start":{"line":59,"column":4},"end":{"line":59,"column":47}},"20":{"start":{"line":61,"column":4},"end":{"line":61,"column":49}},"21":{"start":{"line":62,"column":4},"end":{"line":62,"column":45}},"22":{"start":{"line":66,"column":0},"end":{"line":111,"column":1}},"23":{"start":{"line":67,"column":2},"end":{"line":67,"column":64}},"24":{"start":{"line":69,"column":2},"end":{"line":69,"column":23}},"25":{"start":{"line":70,"column":2},"end":{"line":72,"column":3}},"26":{"start":{"line":71,"column":4},"end":{"line":71,"column":55}},"27":{"start":{"line":73,"column":2},"end":{"line":73,"column":20}},"28":{"start":{"line":74,"column":2},"end":{"line":76,"column":3}},"29":{"start":{"line":75,"column":4},"end":{"line":75,"column":43}},"30":{"start":{"line":79,"column":2},"end":{"line":83,"column":4}},"31":{"start":{"line":84,"column":2},"end":{"line":84,"column":36}},"32":{"start":{"line":86,"column":2},"end":{"line":86,"column":30}},"33":{"start":{"line":87,"column":2},"end":{"line":109,"column":5}},"34":{"start":{"line":88,"column":4},"end":{"line":88,"column":59}},"35":{"start":{"line":89,"column":4},"end":{"line":89,"column":47}},"36":{"start":{"line":91,"column":4},"end":{"line":91,"column":74}},"37":{"start":{"line":92,"column":4},"end":{"line":92,"column":49}},"38":{"start":{"line":95,"column":4},"end":{"line":95,"column":59}},"39":{"start":{"line":96,"column":4},"end":{"line":107,"column":5}},"40":{"start":{"line":98,"column":6},"end":{"line":101,"column":9}},"41":{"start":{"line":99,"column":8},"end":{"line":99,"column":75}},"42":{"start":{"line":100,"column":8},"end":{"line":100,"column":42}},"43":{"start":{"line":102,"column":6},"end":{"line":102,"column":47}},"44":{"start":{"line":104,"column":6},"end":{"line":104,"column":39}},"45":{"start":{"line":105,"column":6},"end":{"line":105,"column":75}},"46":{"start":{"line":106,"column":6},"end":{"line":106,"column":40}},"47":{"start":{"line":108,"column":4},"end":{"line":108,"column":18}},"48":{"start":{"line":110,"column":2},"end":{"line":110,"column":11}},"49":{"start":{"line":119,"column":0},"end":{"line":173,"column":1}},"50":{"start":{"line":123,"column":2},"end":{"line":123,"column":8}},"51":{"start":{"line":124,"column":2},"end":{"line":134,"column":3}},"52":{"start":{"line":126,"column":4},"end":{"line":132,"column":7}},"53":{"start":{"line":127,"column":6},"end":{"line":127,"column":73}},"54":{"start":{"line":128,"column":6},"end":{"line":130,"column":7}},"55":{"start":{"line":129,"column":8},"end":{"line":129,"column":76}},"56":{"start":{"line":131,"column":6},"end":{"line":131,"column":44}},"57":{"start":{"line":133,"column":4},"end":{"line":133,"column":16}},"58":{"start":{"line":137,"column":2},"end":{"line":137,"column":19}},"59":{"start":{"line":138,"column":2},"end":{"line":155,"column":5}},"60":{"start":{"line":139,"column":4},"end":{"line":139,"column":31}},"61":{"start":{"line":140,"column":4},"end":{"line":140,"column":71}},"62":{"start":{"line":141,"column":4},"end":{"line":154,"column":5}},"63":{"start":{"line":142,"column":6},"end":{"line":150,"column":7}},"64":{"start":{"line":144,"column":8},"end":{"line":144,"column":52}},"65":{"start":{"line":145,"column":8},"end":{"line":145,"column":61}},"66":{"start":{"line":146,"column":8},"end":{"line":146,"column":47}},"67":{"start":{"line":147,"column":8},"end":{"line":147,"column":65}},"68":{"start":{"line":149,"column":8},"end":{"line":149,"column":32}},"69":{"start":{"line":152,"column":6},"end":{"line":152,"column":44}},"70":{"start":{"line":153,"column":6},"end":{"line":153,"column":59}},"71":{"start":{"line":156,"column":2},"end":{"line":165,"column":5}},"72":{"start":{"line":157,"column":4},"end":{"line":159,"column":5}},"73":{"start":{"line":158,"column":6},"end":{"line":158,"column":13}},"74":{"start":{"line":160,"column":4},"end":{"line":160,"column":70}},"75":{"start":{"line":161,"column":4},"end":{"line":164,"column":5}},"76":{"start":{"line":162,"column":6},"end":{"line":162,"column":45}},"77":{"start":{"line":163,"column":6},"end":{"line":163,"column":62}},"78":{"start":{"line":166,"column":2},"end":{"line":171,"column":3}},"79":{"start":{"line":167,"column":4},"end":{"line":167,"column":43}},"80":{"start":{"line":168,"column":4},"end":{"line":170,"column":5}},"81":{"start":{"line":169,"column":6},"end":{"line":169,"column":60}},"82":{"start":{"line":172,"column":2},"end":{"line":172,"column":24}}},"branchMap":{"1":{"line":51,"type":"cond-expr","locations":[{"start":{"line":51,"column":47},"end":{"line":51,"column":62}},{"start":{"line":51,"column":65},"end":{"line":51,"column":113}}]},"2":{"line":53,"type":"if","locations":[{"start":{"line":53,"column":2},"end":{"line":53,"column":2}},{"start":{"line":53,"column":2},"end":{"line":53,"column":2}}]},"3":{"line":70,"type":"if","locations":[{"start":{"line":70,"column":2},"end":{"line":70,"column":2}},{"start":{"line":70,"column":2},"end":{"line":70,"column":2}}]},"4":{"line":74,"type":"if","locations":[{"start":{"line":74,"column":2},"end":{"line":74,"column":2}},{"start":{"line":74,"column":2},"end":{"line":74,"column":2}}]},"5":{"line":82,"type":"cond-expr","locations":[{"start":{"line":82,"column":21},"end":{"line":82,"column":40}},{"start":{"line":82,"column":43},"end":{"line":82,"column":45}}]},"6":{"line":96,"type":"if","locations":[{"start":{"line":96,"column":4},"end":{"line":96,"column":4}},{"start":{"line":96,"column":4},"end":{"line":96,"column":4}}]},"7":{"line":124,"type":"if","locations":[{"start":{"line":124,"column":2},"end":{"line":124,"column":2}},{"start":{"line":124,"column":2},"end":{"line":124,"column":2}}]},"8":{"line":128,"type":"if","locations":[{"start":{"line":128,"column":6},"end":{"line":128,"column":6}},{"start":{"line":128,"column":6},"end":{"line":128,"column":6}}]},"9":{"line":141,"type":"if","locations":[{"start":{"line":141,"column":4},"end":{"line":141,"column":4}},{"start":{"line":141,"column":4},"end":{"line":141,"column":4}}]},"10":{"line":142,"type":"if","locations":[{"start":{"line":142,"column":6},"end":{"line":142,"column":6}},{"start":{"line":142,"column":6},"end":{"line":142,"column":6}}]},"11":{"line":157,"type":"if","locations":[{"start":{"line":157,"column":4},"end":{"line":157,"column":4}},{"start":{"line":157,"column":4},"end":{"line":157,"column":4}}]},"12":{"line":161,"type":"if","locations":[{"start":{"line":161,"column":4},"end":{"line":161,"column":4}},{"start":{"line":161,"column":4},"end":{"line":161,"column":4}}]},"13":{"line":166,"type":"if","locations":[{"start":{"line":166,"column":2},"end":{"line":166,"column":2}},{"start":{"line":166,"column":2},"end":{"line":166,"column":2}}]},"14":{"line":168,"type":"if","locations":[{"start":{"line":168,"column":4},"end":{"line":168,"column":4}},{"start":{"line":168,"column":4},"end":{"line":168,"column":4}}]},"15":{"line":168,"type":"binary-expr","locations":[{"start":{"line":168,"column":8},"end":{"line":168,"column":19}},{"start":{"line":168,"column":23},"end":{"line":168,"column":68}}]}},"code":["/*"," *  Copyright (c) 2015, Parse, LLC. All rights reserved."," *"," *  You are hereby granted a non-exclusive, worldwide, royalty-free license to"," *  use, copy, modify, and distribute this software in source code or binary"," *  form for use in connection with the web services and APIs provided by Parse."," *"," *  As with any software that integrates with the Parse platform, your use of"," *  this software is subject to the Parse Terms of Service"," *  [https://www.parse.com/about/terms]. This copyright notice shall be"," *  included in all copies or substantial portions of the software."," *"," *  THE SOFTWARE IS PROVIDED \"AS IS\", WITHOUT WARRANTY OF ANY KIND, EXPRESS OR"," *  IMPLIED, INCLUDING BUT NOT LIMITED TO THE WARRANTIES OF MERCHANTABILITY,"," *  FITNESS FOR A PARTICULAR PURPOSE AND NONINFRINGEMENT. IN NO EVENT SHALL THE"," *  AUTHORS OR COPYRIGHT HOLDERS BE LIABLE FOR ANY CLAIM, DAMAGES OR OTHER"," *  LIABILITY, WHETHER IN AN ACTION OF CONTRACT, TORT OR OTHERWISE, ARISING"," *  FROM, OUT OF OR IN CONNECTION WITH THE SOFTWARE OR THE USE OR OTHER DEALINGS"," *  IN THE SOFTWARE."," *"," *  "," */","","'use strict';","","Object.defineProperty(exports, '__esModule', {","  value: true","});","exports.issueMutation = issueMutation;","var Delta = require('./Delta');","var Id = require('./Id');","var LocalSubscriptions = require('./LocalSubscriptions');","var MutationExecutor = require('./MutationExecutor');","var ObjectStore = require('./ObjectStore');","var Parse = require('./StubParse');","var QueryTools = require('./QueryTools');","var SubscriptionManager = require('./SubscriptionManager');","","var localCount = 0;","","/**"," * issueMutation performs two important actions: it optimistically applies a"," * Mutation to the current local state (if this option is not turned off), and"," * issues the Mutation to the server. If the server request is successful, the"," * changes are committed to the local state; if not, the optimistic changes are"," * rolled back."," */","","function issueMutation(mutation, options) {","  var executionId;","  var target = mutation.target instanceof Id ? mutation.target : new Id(mutation.target, 'local-' + localCount++);","","  if (!options.waitForServer) {","    return performOptimisticMutation(target, mutation, options.batch);","  }","","  return MutationExecutor.execute(mutation, options.batch).then(function (result) {","    var subscribers = ObjectStore.fetchSubscribers(target);","    var delta = mutation.generateDelta(result);","    // Apply it to the data store","    var changes = ObjectStore.commitDelta(delta);","    return pushUpdates(subscribers, changes);","  });","}","","function performOptimisticMutation(target, mutation, batch) {","  var executionId = ObjectStore.stackMutation(target, mutation);","","  var subscribers = [];","  if (mutation.action !== 'CREATE') {","    subscribers = ObjectStore.fetchSubscribers(target);","  }","  var latest = null;","  if (mutation.action !== 'DESTROY') {","    latest = ObjectStore.getLatest(target);","  }","","  // Push the latest object to matching queries","  var updates = {","    id: target,","    latest: latest,","    fields: latest ? Object.keys(latest) : []","  };","  pushUpdates(subscribers, updates);","","  var p = new Parse.Promise();","  MutationExecutor.execute(mutation, batch).then(function (result) {","    var subscribers = ObjectStore.fetchSubscribers(target);","    var delta = mutation.generateDelta(result);","    // Replace the current entry with a Delta","    var changes = ObjectStore.resolveMutation(target, executionId, delta);","    p.resolve(pushUpdates(subscribers, changes));","  }, function (err) {","    // Roll back optimistic changes by deleting the entry from the queue","    var subscribers = ObjectStore.fetchSubscribers(target);","    if (mutation.action === 'CREATE') {","      // Make sure the local object is removed from any result sets","      subscribers.forEach(function (subscriber) {","        var subscription = SubscriptionManager.getSubscription(subscriber);","        subscription.removeResult(target);","      });","      ObjectStore.destroyMutationStack(target);","    } else {","      var noop = new Delta(target, {});","      var changes = ObjectStore.resolveMutation(target, executionId, noop);","      pushUpdates(subscribers, changes);","    }","    p.reject(err);","  });","  return p;","}","","/**"," * When an object has changed, push that object to all subscribers. First, look"," * at the list of current subscribers to determine which ones still match. Then,"," * fetch a list of potential new subscribers using the changed fields, and add"," * the object to the result sets of any queries that now match."," */","function pushUpdates(subscribers,","// TODO: we really want to use the ObjectChangeDescriptor type alias from","// ObjectStore here, but importing it will cause a bunch of additional Flow","changes) {","  var i;","  if (changes.latest === null) {","    // Pushing a Destroy action. Remove it from all current subscribers","    subscribers.forEach(function (subscriber) {","      var subscription = SubscriptionManager.getSubscription(subscriber);","      if (!subscription) {","        throw new Error('Object is attached to a nonexistent subscription');","      }","      subscription.removeResult(changes.id);","    });","    return null;","  }","  // For all current subscribers, check if the object still matches the query.","  // Then, using the changed keys, find any queries we might now match.","  var visited = {};","  subscribers.forEach(function (subscriber) {","    visited[subscriber] = true;","    var subscription = SubscriptionManager.getSubscription(subscriber);","    if (QueryTools.matchesQuery(changes.latest, subscription.originalQuery)) {","      if (changes.id.toString() !== changes.latest.id.toString()) {","        // It's a Create method","        subscription.removeResult(changes.id, true);","        ObjectStore.removeSubscriber(changes.id, subscriber);","        subscription.addResult(changes.latest);","        ObjectStore.addSubscriber(changes.latest.id, subscriber);","      } else {","        subscription.pushData();","      }","    } else {","      subscription.removeResult(changes.id);","      ObjectStore.removeSubscriber(changes.id, subscriber);","    }","  });","  SubscriptionManager.queriesForFields(changes.latest.id.className, changes.fields).forEach(function (potential) {","    if (visited[potential]) {","      return;","    }","    var subscription = SubscriptionManager.getSubscription(potential);","    if (QueryTools.matchesQuery(changes.latest, subscription.originalQuery)) {","      subscription.addResult(changes.latest);","      ObjectStore.addSubscriber(changes.latest.id, potential);","    }","  });","  if (changes.latest.id.className === '_User') {","    var currentUser = Parse.User.current();","    if (currentUser && changes.latest.id.objectId === currentUser.id) {","      LocalSubscriptions.currentUser.update(changes.latest);","    }","  }","  return changes.latest;","}","// checks to happen that we're not ready for yet."],"l":{"26":2,"29":2,"30":2,"31":2,"32":2,"33":0,"34":0,"35":0,"36":0,"37":0,"39":0,"49":1,"50":0,"51":0,"53":0,"54":0,"57":0,"58":0,"59":0,"61":0,"62":0,"66":1,"67":0,"69":0,"70":0,"71":0,"73":0,"74":0,"75":0,"79":0,"84":0,"86":0,"87":0,"88":0,"89":0,"91":0,"92":0,"95":0,"96":0,"98":0,"99":0,"100":0,"102":0,"104":0,"105":0,"106":0,"108":0,"110":0,"119":1,"123":0,"124":0,"126":0,"127":0,"128":0,"129":0,"131":0,"133":0,"137":0,"138":0,"139":0,"140":0,"141":0,"142":0,"144":0,"145":0,"146":0,"147":0,"149":0,"152":0,"153":0,"156":0,"157":0,"158":0,"160":0,"161":0,"162":0,"163":0,"166":0,"167":0,"168":0,"169":0,"172":0}},"/home/travis/build/npmtest/node-npmtest-parse-react/node_modules/parse-react/lib/browser/warning.js":{"path":"/home/travis/build/npmtest/node-npmtest-parse-react/node_modules/parse-react/lib/browser/warning.js","s":{"1":1,"2":1,"3":0,"4":0},"b":{"1":[0,1]},"f":{"1":0,"2":0,"3":0},"fnMap":{"1":{"name":"(anonymous_1)","line":26,"loc":{"start":{"line":26,"column":60},"end":{"line":26,"column":75}}},"2":{"name":"(anonymous_2)","line":28,"loc":{"start":{"line":28,"column":6},"end":{"line":28,"column":18}}},"3":{"name":"(anonymous_3)","line":30,"loc":{"start":{"line":30,"column":19},"end":{"line":30,"column":31}}}},"statementMap":{"1":{"start":{"line":25,"column":0},"end":{"line":31,"column":1}},"2":{"start":{"line":26,"column":2},"end":{"line":28,"column":21}},"3":{"start":{"line":27,"column":4},"end":{"line":27,"column":22}},"4":{"start":{"line":30,"column":2},"end":{"line":30,"column":34}}},"branchMap":{"1":{"line":26,"type":"cond-expr","locations":[{"start":{"line":26,"column":60},"end":{"line":28,"column":3}},{"start":{"line":28,"column":6},"end":{"line":28,"column":20}}]}},"code":["/*"," *  Copyright (c) 2015, Parse, LLC. All rights reserved."," *"," *  You are hereby granted a non-exclusive, worldwide, royalty-free license to"," *  use, copy, modify, and distribute this software in source code or binary"," *  form for use in connection with the web services and APIs provided by Parse."," *"," *  As with any software that integrates with the Parse platform, your use of"," *  this software is subject to the Parse Terms of Service"," *  [https://www.parse.com/about/terms]. This copyright notice shall be"," *  included in all copies or substantial portions of the software."," *"," *  THE SOFTWARE IS PROVIDED \"AS IS\", WITHOUT WARRANTY OF ANY KIND, EXPRESS OR"," *  IMPLIED, INCLUDING BUT NOT LIMITED TO THE WARRANTIES OF MERCHANTABILITY,"," *  FITNESS FOR A PARTICULAR PURPOSE AND NONINFRINGEMENT. IN NO EVENT SHALL THE"," *  AUTHORS OR COPYRIGHT HOLDERS BE LIABLE FOR ANY CLAIM, DAMAGES OR OTHER"," *  LIABILITY, WHETHER IN AN ACTION OF CONTRACT, TORT OR OTHERWISE, ARISING"," *  FROM, OUT OF OR IN CONNECTION WITH THE SOFTWARE OR THE USE OR OTHER DEALINGS"," *  IN THE SOFTWARE."," *"," */","","'use strict';","","try {","  module.exports = process.env.NODE_ENV === 'development' ? function (msg) {","    console.warn(msg);","  } : function () {};","} catch (e) {","  module.exports = function () {};","}"],"l":{"25":1,"26":1,"27":0,"30":0}}}